#
# A fatal error has been detected by the Java Runtime Environment:
#
#  EXCEPTION_ACCESS_VIOLATION (0xc0000005) at pc=0x00000203faa8102f, pid=14552, tid=13220
#
# JRE version: OpenJDK Runtime Environment Temurin-21.0.2+13 (21.0.2+13) (build 21.0.2+13-LTS)
# Java VM: OpenJDK 64-Bit Server VM Temurin-21.0.2+13 (21.0.2+13-LTS, mixed mode, emulated-client, sharing, tiered, compressed oops, compressed class ptrs, g1 gc, windows-amd64)
# Problematic frame:
# v  ~BufferBlob::MethodHandles adapters 0x00000203faa8102f
#
# No core dump will be written. Minidumps are not enabled by default on client versions of Windows
#
# If you would like to submit a bug report, please visit:
#   https://github.com/adoptium/adoptium-support/issues
#

---------------  S U M M A R Y ------------

Command Line: -XX:+ShowCodeDetailsInExceptionMessages -agentlib:jdwp=transport=dt_socket,suspend=y,address=localhost:51577 -Dcom.sun.management.jmxremote -Dcom.sun.management.jmxremote.port=51576 -Dcom.sun.management.jmxremote.authenticate=false -Dcom.sun.management.jmxremote.ssl=false -Djava.rmi.server.hostname=localhost -Dspring.jmx.enabled=true -Dmanagement.endpoints.jmx.exposure.include=* -Dspring.application.admin.enabled=true -XX:TieredStopAtLevel=1 -Dspring.boot.project.name=Java_development -javaagent:C:\pleiades\2024-03\eclipse\configuration\org.eclipse.osgi\251\0\.cp\lib\javaagent-shaded.jar -Dfile.encoding=UTF-8 -Dstdout.encoding=UTF-8 -Dstderr.encoding=UTF-8 com.example.demo.JavaDevelopmentApplication --spring.output.ansi.enabled=always

Host: AMD Ryzen 9 5900HX with Radeon Graphics        , 16 cores, 7G,  Windows 11 , 64 bit Build 22621 (10.0.22621.4391)
Time: Mon Jan 20 21:55:45 2025  Windows 11 , 64 bit Build 22621 (10.0.22621.4391) elapsed time: 79.603672 seconds (0d 0h 1m 19s)

---------------  T H R E A D  ---------------

Current thread (0x00000203d281de70):  JavaThread "restartedMain"        [_thread_in_Java, id=13220, stack(0x000000ff6a300000,0x000000ff6a400000) (1024K)]

Stack: [0x000000ff6a300000,0x000000ff6a400000],  sp=0x000000ff6a3fdc38,  free space=1015k
Native frames: (J=compiled Java code, j=interpreted, Vv=VM code, C=native code)
C  0x00000203faa8102f

The last pc belongs to _linkToSpecial (printed below).

siginfo: EXCEPTION_ACCESS_VIOLATION (0xc0000005), reading address 0xffffffffffffffff


Registers:
RAX=0x00000203faa59086, RBX=0x90e28d9000000001, RCX=0x000000ff6a3fdc40, RDX=0x0000000000000002
RSP=0x000000ff6a3fdc38, RBP=0x000000ff6a3fdc88, RSI=0x00000203d2c0a408, RDI=0x00000203d324b520
R8 =0x0000000000000004, R9 =0x0000000000000004, R10=0x00007ffd92e22ab0, R11=0x000002038d0b6430
R12=0x0000000000000000, R13=0x000000ff6a3fdc38, R14=0x000000ff6a3fdca8, R15=0x00000203d281de70
RIP=0x00000203faa8102f, EFLAGS=0x0000000000010246


Register to memory mapping:

RAX=0x00000203faa59086 is at code_begin+3078 in an Interpreter codelet
return entry points  [0x00000203faa58480, 0x00000203faa5a298]  7704 bytes
RBX=0x90e28d9000000001 is an unknown value
RCX=0x000000ff6a3fdc40 is pointing into the stack for thread: 0x00000203d281de70
RDX=0x0000000000000002 is an unknown value
RSP=0x000000ff6a3fdc38 is pointing into the stack for thread: 0x00000203d281de70
RBP=0x000000ff6a3fdc88 is pointing into the stack for thread: 0x00000203d281de70
RSI=0x00000203d2c0a408 points into unknown readable memory: 0x800002006f1076e6 | e6 76 10 6f 00 02 00 80
RDI=0x00000203d324b520 points into unknown readable memory: 0x0000001800000070 | 70 00 00 00 18 00 00 00
R8 =0x0000000000000004 is an unknown value
R9 =0x0000000000000004 is an unknown value
R10=0x00007ffd92e22ab0 jvm.dll
R11={method} {0x000002038d0b6438} 'newInvokeSpecial' '(Ljava/lang/Object;)Ljava/lang/Object;' in 'java/lang/invoke/DirectMethodHandle$Holder'
R12=0x0 is null
R13=0x000000ff6a3fdc38 is pointing into the stack for thread: 0x00000203d281de70
R14=0x000000ff6a3fdca8 is pointing into the stack for thread: 0x00000203d281de70
R15=0x00000203d281de70 is a thread

Top of Stack: (sp=0x000000ff6a3fdc38)
0x000000ff6a3fdc38:   00000203faa59086 000000ff6a3fdc40
0x000000ff6a3fdc48:   000002038d72d03f 0000000000000004
0x000000ff6a3fdc58:   000002038d0b18e8 000000008a20fb00
0x000000ff6a3fdc68:   0000000089aaabc8 000002038d0b6430
0x000000ff6a3fdc78:   000000ff6a3fdc38 000000ff6a3fdcb0
0x000000ff6a3fdc88:   000000ff6a3fe020 00000203fae79a03
0x000000ff6a3fdc98:   0000000090e28c98 0000000090e28d40
0x000000ff6a3fdca8:   0000000090e28cf8 0000000090e28aa8
0x000000ff6a3fdcb8:   0000020300000098 000000ff6a3fe020
0x000000ff6a3fdcc8:   00000203fb37b47c 000000ff6a3fcb00
0x000000ff6a3fdcd8:   00000203fb1ec4ac 000c005e0000000a
0x000000ff6a3fdce8:   0000001a00000098 0000000000000000
0x000000ff6a3fdcf8:   000000006a3f0000 00000203cf6064f0
0x000000ff6a3fdd08:   00000203d281de70 00000203cf7fda68
0x000000ff6a3fdd18:   00000203d281de70 00000203cf6064f0
0x000000ff6a3fdd28:   0000000089aa97f0 000000008a20fb00
0x000000ff6a3fdd38:   0000000090e28970 0000000090e28970
0x000000ff6a3fdd48:   0000000090e28aa8 0000000090e28d28
0x000000ff6a3fdd58:   0000000090e28b00 000000008a20fb00
0x000000ff6a3fdd68:   0000000000000001 000000ff6a3fe020
0x000000ff6a3fdd78:   0000020300000000 0000000000000000
0x000000ff6a3fdd88:   0000000000000000 0000000090e28cf8
0x000000ff6a3fdd98:   00000203fae751dc 0000000000000000
0x000000ff6a3fdda8:   0000000000000000 0000000000000000
0x000000ff6a3fddb8:   0000000000000000 00000203d281de70
0x000000ff6a3fddc8:   0000000000000000 0000000090e28aa8
0x000000ff6a3fddd8:   0000000000000000 0000000090e28970
0x000000ff6a3fdde8:   0000000090e28d28 0000000090e28aa8
0x000000ff6a3fddf8:   0000000000000000 0000000090e28a00
0x000000ff6a3fde08:   00000203fae78f34 000000ff6a3fe020
0x000000ff6a3fde18:   00000203fae74a6a 0000000000000000
0x000000ff6a3fde28:   00000203fad684a9 00000203d281de70 

Instructions: (pc=0x00000203faa8102f)
0x00000203faa80f2f:   8b 5b 28 8b 5b 24 48 8b 5b 10 48 85 db 0f 84 10
0x00000203faa80f3f:   00 00 00 41 80 bf e0 05 00 00 00 74 03 ff 63 38
0x00000203faa80f4f:   ff 63 50 e9 a9 16 00 00 66 0f 1f 84 00 00 00 00
0x00000203faa80f5f:   00 48 8b 53 08 0f b7 52 2e 48 8b 0c d4 58 5b 50
0x00000203faa80f6f:   44 8b 51 08 49 bb 00 00 00 8d 03 02 00 00 4d 03
0x00000203faa80f7f:   d3 4c 8b 5b 10 4b 8b 9c da c8 01 00 00 48 85 db
0x00000203faa80f8f:   0f 84 10 00 00 00 41 80 bf e0 05 00 00 00 74 03
0x00000203faa80f9f:   ff 63 38 ff 63 50 e9 56 16 00 00 66 66 66 0f 1f
0x00000203faa80faf:   84 00 00 00 00 00 66 66 66 0f 1f 84 00 00 00 00
0x00000203faa80fbf:   00 58 5b 50 8b 5b 24 48 8b 5b 10 48 85 db 0f 84
0x00000203faa80fcf:   10 00 00 00 41 80 bf e0 05 00 00 00 74 03 ff 63
0x00000203faa80fdf:   38 ff 63 50 e9 18 16 00 00 66 66 66 0f 1f 84 00
0x00000203faa80fef:   00 00 00 00 0f 1f 80 00 00 00 00 66 0f 1f 44 00
0x00000203faa80fff:   00 48 8b 53 08 0f b7 52 2e 48 8b 0c d4 58 5b 50
0x00000203faa8100f:   48 3b 01 8b 5b 24 48 8b 5b 10 48 85 db 0f 84 10
0x00000203faa8101f:   00 00 00 41 80 bf e0 05 00 00 00 74 03 ff 63 38
0x00000203faa8102f:   ff 63 50 e9 c9 15 00 00 66 0f 1f 84 00 00 00 00
0x00000203faa8103f:   00 48 8b 53 08 0f b7 52 2e 48 8b 0c d4 58 5b 50
0x00000203faa8104f:   44 8b 51 08 49 bb 00 00 00 8d 03 02 00 00 4d 03
0x00000203faa8105f:   d3 8b 43 18 48 8b 40 10 48 8b 5b 10 45 8b 9a a0
0x00000203faa8106f:   00 00 00 4f 8d 9c da c8 01 00 00 4d 8d 14 da 49
0x00000203faa8107f:   8b 1b 48 3b c3 74 15 48 85 db 0f 84 32 00 00 00
0x00000203faa8108f:   49 83 c3 10 49 8b 1b 48 3b c3 75 eb 45 8b 5b 08
0x00000203faa8109f:   4b 8b 1c 1a 48 85 db 0f 84 10 00 00 00 41 80 bf
0x00000203faa810af:   e0 05 00 00 00 74 03 ff 63 38 ff 63 50 e9 3f 15
0x00000203faa810bf:   00 00 e9 3a 12 00 00 f4 00 00 00 00 00 00 00 00
0x00000203faa810cf:   00 00 00 00 00 00 00 00 00 00 00 00 00 00 00 00
0x00000203faa810df:   00 00 00 00 00 00 00 00 00 00 00 00 00 00 00 00
0x00000203faa810ef:   00 00 00 00 00 00 00 00 00 00 00 00 00 00 00 00
0x00000203faa810ff:   00 00 00 00 00 00 00 00 00 00 00 00 00 00 00 00
0x00000203faa8110f:   00 00 00 00 00 00 00 00 00 00 00 00 00 00 00 00
0x00000203faa8111f:   00 00 00 00 00 00 00 00 00 00 00 00 00 00 00 00 


Stack slot to memory mapping:

stack at sp + 0 slots: 0x00000203faa59086 is at code_begin+3078 in an Interpreter codelet
return entry points  [0x00000203faa58480, 0x00000203faa5a298]  7704 bytes
stack at sp + 1 slots: 0x000000ff6a3fdc40 is pointing into the stack for thread: 0x00000203d281de70
stack at sp + 2 slots: 0x000002038d72d03f is pointing into metadata
stack at sp + 3 slots: 0x0000000000000004 is an unknown value
stack at sp + 4 slots: 0x000002038d0b18e8 is pointing into metadata
stack at sp + 5 slots: 0x000000008a20fb00 is an oop: java.lang.Class 
{0x000000008a20fb00} - klass: 'java/lang/Class'
 - ---- fields (total size 14 words):
 - private volatile transient 'classRedefinedCount' 'I' @12  0 (0x00000000)
 - injected 'klass' 'J' @16  2214292095488 (0x000002038e180200)
 - injected 'array_klass' 'J' @24  0 (0x0000000000000000)
 - injected 'oop_size' 'I' @32  14 (0x0000000e)
 - injected 'static_oop_field_count' 'I' @36  0 (0x00000000)
 - private volatile transient 'cachedConstructor' 'Ljava/lang/reflect/Constructor;' @40  null (0x00000000)
 - private transient 'name' 'Ljava/lang/String;' @44  "com.example.demo.MyController"{0x000000008a210998} (0x8a210998)
 - private transient 'module' 'Ljava/lang/Module;' @48  a 'java/lang/Module'{0x0000000089e57650} (0x89e57650)
 - private final 'classLoader' 'Ljava/lang/ClassLoader;' @52  a 'org/springframework/boot/devtools/restart/classloader/RestartClassLoader'{0x0000000089e02108} (0x89e02108)
 - private transient 'classData' 'Ljava/lang/Object;' @56  null (0x00000000)
 - private transient 'packageName' 'Ljava/lang/String;' @60  "com.example.demo"{0x0000000089a60760} (0x89a60760)
 - private final 'componentType' 'Ljava/lang/Class;' @64  null (0x00000000)
 - private volatile transient 'reflectionData' 'Ljava/lang/ref/SoftReference;' @68  a 'java/lang/ref/SoftReference'{0x0000000090ff6460} (0x90ff6460)
 - private volatile transient 'genericInfo' 'Lsun/reflect/generics/repository/ClassRepository;' @72  null (0x00000000)
 - private volatile transient 'enumConstants' '[Ljava/lang/Object;' @76  null (0x00000000)
 - private volatile transient 'enumConstantDirectory' 'Ljava/util/Map;' @80  null (0x00000000)
 - private volatile transient 'annotationData' 'Ljava/lang/Class$AnnotationData;' @84  null (0x00000000)
 - private volatile transient 'annotationType' 'Lsun/reflect/annotation/AnnotationType;' @88  null (0x00000000)
 - transient 'classValueMap' 'Ljava/lang/ClassValue$ClassValueMap;' @92  null (0x00000000)
 - injected 'protection_domain' 'Ljava/lang/Object;' @96  a 'java/security/ProtectionDomain'{0x0000000089e51e18} (0x89e51e18)
 - injected 'signers_name' 'Ljava/lang/Object;' @100  null (0x00000000)
 - injected 'source_file' 'Ljava/lang/Object;' @104  null (0x00000000)
 - signature: Lcom/example/demo/MyController;
 - ---- static fields (0):
stack at sp + 6 slots: 0x0000000089aaabc8 is an oop: java.lang.Class 
{0x0000000089aaabc8} - klass: 'java/lang/Class'
 - ---- fields (total size 14 words):
 - private volatile transient 'classRedefinedCount' 'I' @12  0 (0x00000000)
 - injected 'klass' 'J' @16  2214274471096 (0x000002038d0b14b8)
 - injected 'array_klass' 'J' @24  0 (0x0000000000000000)
 - injected 'oop_size' 'I' @32  14 (0x0000000e)
 - injected 'static_oop_field_count' 'I' @36  0 (0x00000000)
 - private volatile transient 'cachedConstructor' 'Ljava/lang/reflect/Constructor;' @40  null (0x00000000)
 - private transient 'name' 'Ljava/lang/String;' @44  null (0x00000000)
 - private transient 'module' 'Ljava/lang/Module;' @48  a 'java/lang/Module'{0x0000000089a72988} (0x89a72988)
 - private final 'classLoader' 'Ljava/lang/ClassLoader;' @52  null (0x00000000)
 - private transient 'classData' 'Ljava/lang/Object;' @56  null (0x00000000)
 - private transient 'packageName' 'Ljava/lang/String;' @60  null (0x00000000)
 - private final 'componentType' 'Ljava/lang/Class;' @64  null (0x00000000)
 - private volatile transient 'reflectionData' 'Ljava/lang/ref/SoftReference;' @68  null (0x00000000)
 - private volatile transient 'genericInfo' 'Lsun/reflect/generics/repository/ClassRepository;' @72  null (0x00000000)
 - private volatile transient 'enumConstants' '[Ljava/lang/Object;' @76  null (0x00000000)
 - private volatile transient 'enumConstantDirectory' 'Ljava/util/Map;' @80  null (0x00000000)
 - private volatile transient 'annotationData' 'Ljava/lang/Class$AnnotationData;' @84  null (0x00000000)
 - private volatile transient 'annotationType' 'Lsun/reflect/annotation/AnnotationType;' @88  null (0x00000000)
 - transient 'classValueMap' 'Ljava/lang/ClassValue$ClassValueMap;' @92  null (0x00000000)
 - injected 'protection_domain' 'Ljava/lang/Object;' @96  null (0x00000000)
 - injected 'signers_name' 'Ljava/lang/Object;' @100  null (0x00000000)
 - injected 'source_file' 'Ljava/lang/Object;' @104  null (0x00000000)
 - signature: Ljava/lang/invoke/DirectMethodHandle$Holder;
 - ---- static fields (0):
stack at sp + 7 slots: {method} {0x000002038d0b6438} 'newInvokeSpecial' '(Ljava/lang/Object;)Ljava/lang/Object;' in 'java/lang/invoke/DirectMethodHandle$Holder'

MethodHandle::interpreter_entry::_linkToSpecial [0x00000203faa80fe8, 0x00000203faa81037] (79 bytes)
[MachCode]
  0x00000203faa80fe8: 6666 660f | 1f84 0000 | 0000 000f | 1f80 0000 | 0000 660f | 1f44 0000 | 488b 5308 | 0fb7 522e 
  0x00000203faa81008: 488b 0cd4 | 585b 5048 | 3b01 8b5b | 2448 8b5b | 1048 85db | 0f84 1000 | 0000 4180 | bfe0 0500 
  0x00000203faa81028: 0000 7403 | ff63 38ff | 6350 e9c9 | 
[/MachCode]

---------------  P R O C E S S  ---------------

Threads class SMR info:
_java_thread_list=0x00000203d3229370, length=25, elements={
0x00000203fa99c210, 0x00000203ff688ee0, 0x00000203ff68c250, 0x00000203ff68e720,
0x00000203ff6904f0, 0x00000203ff694eb0, 0x00000203ff698e10, 0x00000203ff69a7b0,
0x000002038c4e4a90, 0x000002038c5cfb60, 0x000002038c5da1b0, 0x000002038c5da830,
0x00000203d20aec60, 0x00000203d22a25a0, 0x00000203d22eb910, 0x00000203d22ec780,
0x00000203d26f4ff0, 0x00000203d26ef110, 0x00000203d26ef780, 0x00000203d2754f80,
0x00000203d281eb90, 0x00000203d281de70, 0x00000203d281d7e0, 0x00000203d281d150,
0x00000203d281f220
}

Java Threads: ( => current thread )
  0x00000203fa99c210 JavaThread "main"                              [_thread_blocked, id=18824, stack(0x000000ff67800000,0x000000ff67900000) (1024K)]
  0x00000203ff688ee0 JavaThread "Reference Handler"          daemon [_thread_blocked, id=19368, stack(0x000000ff68000000,0x000000ff68100000) (1024K)]
  0x00000203ff68c250 JavaThread "Finalizer"                  daemon [_thread_blocked, id=7092, stack(0x000000ff68100000,0x000000ff68200000) (1024K)]
  0x00000203ff68e720 JavaThread "Signal Dispatcher"          daemon [_thread_blocked, id=12504, stack(0x000000ff68200000,0x000000ff68300000) (1024K)]
  0x00000203ff6904f0 JavaThread "Attach Listener"            daemon [_thread_blocked, id=21864, stack(0x000000ff68300000,0x000000ff68400000) (1024K)]
  0x00000203ff694eb0 JavaThread "Service Thread"             daemon [_thread_blocked, id=18608, stack(0x000000ff68400000,0x000000ff68500000) (1024K)]
  0x00000203ff698e10 JavaThread "Monitor Deflation Thread"   daemon [_thread_blocked, id=14988, stack(0x000000ff68500000,0x000000ff68600000) (1024K)]
  0x00000203ff69a7b0 JavaThread "C1 CompilerThread0"         daemon [_thread_blocked, id=7620, stack(0x000000ff68600000,0x000000ff68700000) (1024K)]
  0x000002038c4e4a90 JavaThread "Common-Cleaner"             daemon [_thread_blocked, id=22624, stack(0x000000ff68800000,0x000000ff68900000) (1024K)]
  0x000002038c5cfb60 JavaThread "JDWP Transport Listener: dt_socket" daemon [_thread_blocked, id=6428, stack(0x000000ff68a00000,0x000000ff68b00000) (1024K)]
  0x000002038c5da1b0 JavaThread "JDWP Event Helper Thread"   daemon [_thread_blocked, id=15852, stack(0x000000ff68b00000,0x000000ff68c00000) (1024K)]
  0x000002038c5da830 JavaThread "JDWP Command Reader"        daemon [_thread_in_native, id=21704, stack(0x000000ff68c00000,0x000000ff68d00000) (1024K)]
  0x00000203d20aec60 JavaThread "Notification Thread"        daemon [_thread_blocked, id=12672, stack(0x000000ff68d00000,0x000000ff68e00000) (1024K)]
  0x00000203d22a25a0 JavaThread "RMI TCP Accept-0"           daemon [_thread_in_native, id=18488, stack(0x000000ff68f00000,0x000000ff69000000) (1024K)]
  0x00000203d22eb910 JavaThread "RMI TCP Accept-51576"       daemon [_thread_in_native, id=4412, stack(0x000000ff69000000,0x000000ff69100000) (1024K)]
  0x00000203d22ec780 JavaThread "RMI TCP Accept-0"           daemon [_thread_in_native, id=22548, stack(0x000000ff69100000,0x000000ff69200000) (1024K)]
  0x00000203d26f4ff0 JavaThread "RMI TCP Connection(idle)"   daemon [_thread_blocked, id=16504, stack(0x000000ff69e00000,0x000000ff69f00000) (1024K)]
  0x00000203d26ef110 JavaThread "RMI Scheduler(0)"           daemon [_thread_blocked, id=7084, stack(0x000000ff69f00000,0x000000ff6a000000) (1024K)]
  0x00000203d26ef780 JavaThread "RMI TCP Connection(2)-127.0.0.1" daemon [_thread_in_native, id=22032, stack(0x000000ff6a000000,0x000000ff6a100000) (1024K)]
  0x00000203d2754f80 JavaThread "JMX server connection timeout 51" daemon [_thread_blocked, id=5520, stack(0x000000ff6a100000,0x000000ff6a200000) (1024K)]
  0x00000203d281eb90 JavaThread "Thread-0"                          [_thread_blocked, id=23500, stack(0x000000ff6a200000,0x000000ff6a300000) (1024K)]
=>0x00000203d281de70 JavaThread "restartedMain"                     [_thread_in_Java, id=13220, stack(0x000000ff6a300000,0x000000ff6a400000) (1024K)]
  0x00000203d281d7e0 JavaThread "Catalina-utility-1"                [_thread_blocked, id=23184, stack(0x000000ff6a400000,0x000000ff6a500000) (1024K)]
  0x00000203d281d150 JavaThread "Catalina-utility-2"                [_thread_blocked, id=19716, stack(0x000000ff6a700000,0x000000ff6a800000) (1024K)]
  0x00000203d281f220 JavaThread "container-0"                       [_thread_blocked, id=22636, stack(0x000000ff6a800000,0x000000ff6a900000) (1024K)]
Total: 25

Other Threads:
  0x00000203ff668bb0 VMThread "VM Thread"                           [id=15704, stack(0x000000ff67f00000,0x000000ff68000000) (1024K)]
  0x00000203ff6529c0 WatcherThread "VM Periodic Task Thread"        [id=19840, stack(0x000000ff67e00000,0x000000ff67f00000) (1024K)]
  0x00000203fa9ee8d0 WorkerThread "GC Thread#0"                     [id=7192, stack(0x000000ff67900000,0x000000ff67a00000) (1024K)]
  0x00000203d23178d0 WorkerThread "GC Thread#1"                     [id=8544, stack(0x000000ff69200000,0x000000ff69300000) (1024K)]
  0x00000203d2332620 WorkerThread "GC Thread#2"                     [id=22332, stack(0x000000ff69300000,0x000000ff69400000) (1024K)]
  0x00000203d23329c0 WorkerThread "GC Thread#3"                     [id=10928, stack(0x000000ff69400000,0x000000ff69500000) (1024K)]
  0x00000203d2336d70 WorkerThread "GC Thread#4"                     [id=20784, stack(0x000000ff69500000,0x000000ff69600000) (1024K)]
  0x00000203d2337110 WorkerThread "GC Thread#5"                     [id=3408, stack(0x000000ff69600000,0x000000ff69700000) (1024K)]
  0x00000203d2343370 WorkerThread "GC Thread#6"                     [id=11136, stack(0x000000ff69700000,0x000000ff69800000) (1024K)]
  0x00000203d2343710 WorkerThread "GC Thread#7"                     [id=20208, stack(0x000000ff69800000,0x000000ff69900000) (1024K)]
  0x00000203d2347ac0 WorkerThread "GC Thread#8"                     [id=22964, stack(0x000000ff69900000,0x000000ff69a00000) (1024K)]
  0x00000203d234cc30 WorkerThread "GC Thread#9"                     [id=22580, stack(0x000000ff69a00000,0x000000ff69b00000) (1024K)]
  0x00000203d234bdb0 WorkerThread "GC Thread#10"                    [id=23056, stack(0x000000ff69b00000,0x000000ff69c00000) (1024K)]
  0x00000203d234c150 WorkerThread "GC Thread#11"                    [id=16580, stack(0x000000ff69c00000,0x000000ff69d00000) (1024K)]
  0x00000203d234b2d0 WorkerThread "GC Thread#12"                    [id=17092, stack(0x000000ff69d00000,0x000000ff69e00000) (1024K)]
  0x00000203faa1dc00 ConcurrentGCThread "G1 Main Marker"            [id=19472, stack(0x000000ff67a00000,0x000000ff67b00000) (1024K)]
  0x00000203faa1e700 WorkerThread "G1 Conc#0"                       [id=4420, stack(0x000000ff67b00000,0x000000ff67c00000) (1024K)]
  0x00000203d234ba10 WorkerThread "G1 Conc#1"                       [id=2092, stack(0x000000ff6a500000,0x000000ff6a600000) (1024K)]
  0x00000203d234c4f0 WorkerThread "G1 Conc#2"                       [id=2252, stack(0x000000ff6a600000,0x000000ff6a700000) (1024K)]
  0x00000203ff5267f0 ConcurrentGCThread "G1 Refine#0"               [id=19448, stack(0x000000ff67c00000,0x000000ff67d00000) (1024K)]
  0x00000203ff527360 ConcurrentGCThread "G1 Service"                [id=4260, stack(0x000000ff67d00000,0x000000ff67e00000) (1024K)]
Total: 21

Threads with active compile tasks:
Total: 0

VM state: not at safepoint (normal execution)

VM Mutex/Monitor currently owned by a thread: None

Heap address: 0x0000000089800000, size: 1896 MB, Compressed Oops mode: 32-bit

CDS archive(s) mapped at: [0x000002038d000000-0x000002038dc90000-0x000002038dc90000), size 13172736, SharedBaseAddress: 0x000002038d000000, ArchiveRelocationMode: 1.
Compressed class space mapped at: 0x000002038e000000-0x00000203ce000000, reserved size: 1073741824
Narrow klass base: 0x000002038d000000, Narrow klass shift: 0, Narrow klass range: 0x100000000

GC Precious Log:
 CardTable entry size: 512
 Card Set container configuration: InlinePtr #cards 5 size 8 Array Of Cards #cards 12 size 40 Howl #buckets 4 coarsen threshold 1843 Howl Bitmap #cards 512 size 80 coarsen threshold 460 Card regions per heap region 1 cards per card region 2048
 CPUs: 16 total, 16 available
 Memory: 7583M
 Large Page Support: Disabled
 NUMA Support: Disabled
 Compressed Oops: Enabled (32-bit)
 Heap Region Size: 1M
 Heap Min Capacity: 8M
 Heap Initial Capacity: 120M
 Heap Max Capacity: 1896M
 Pre-touch: Disabled
 Parallel Workers: 13
 Concurrent Workers: 3
 Concurrent Refinement Workers: 13
 Periodic GC: Disabled

Heap:
 garbage-first heap   total 54272K, used 18905K [0x0000000089800000, 0x0000000100000000)
  region size 1024K, 8 young (8192K), 3 survivors (3072K)
 Metaspace       used 28697K, committed 29312K, reserved 1114112K
  class space    used 3763K, committed 4032K, reserved 1048576K

Heap Regions: E=young(eden), S=young(survivor), O=old, HS=humongous(starts), HC=humongous(continues), CS=collection set, F=free, TAMS=top-at-mark-start, PB=parsable bottom
|   0|0x0000000089800000, 0x0000000089900000, 0x0000000089900000|100%| O|  |TAMS 0x0000000089800000| PB 0x0000000089800000| Untracked 
|   1|0x0000000089900000, 0x0000000089a00000, 0x0000000089a00000|100%| O|  |TAMS 0x0000000089900000| PB 0x0000000089900000| Untracked 
|   2|0x0000000089a00000, 0x0000000089b00000, 0x0000000089b00000|100%| O|  |TAMS 0x0000000089a00000| PB 0x0000000089a00000| Untracked 
|   3|0x0000000089b00000, 0x0000000089c00000, 0x0000000089c00000|100%| O|  |TAMS 0x0000000089b00000| PB 0x0000000089b00000| Untracked 
|   4|0x0000000089c00000, 0x0000000089d00000, 0x0000000089d00000|100%| O|  |TAMS 0x0000000089c00000| PB 0x0000000089c00000| Untracked 
|   5|0x0000000089d00000, 0x0000000089e00000, 0x0000000089e00000|100%| O|Cm|TAMS 0x0000000089d00000| PB 0x0000000089d00000| Complete 
|   6|0x0000000089e00000, 0x0000000089f00000, 0x0000000089f00000|100%| O|  |TAMS 0x0000000089e00000| PB 0x0000000089e00000| Untracked 
|   7|0x0000000089f00000, 0x000000008a000000, 0x000000008a000000|100%| O|  |TAMS 0x0000000089f00000| PB 0x0000000089f00000| Untracked 
|   8|0x000000008a000000, 0x000000008a100000, 0x000000008a100000|100%| O|  |TAMS 0x000000008a000000| PB 0x000000008a000000| Untracked 
|   9|0x000000008a100000, 0x000000008a200000, 0x000000008a200000|100%| O|  |TAMS 0x000000008a100000| PB 0x000000008a100000| Untracked 
|  10|0x000000008a200000, 0x000000008a300000, 0x000000008a300000|100%| O|  |TAMS 0x000000008a200000| PB 0x000000008a200000| Untracked 
|  11|0x000000008a300000, 0x000000008a3f8ed0, 0x000000008a400000| 97%| O|  |TAMS 0x000000008a300000| PB 0x000000008a300000| Untracked 
|  12|0x000000008a400000, 0x000000008a400000, 0x000000008a500000|  0%| F|  |TAMS 0x000000008a400000| PB 0x000000008a400000| Untracked 
|  13|0x000000008a500000, 0x000000008a500000, 0x000000008a600000|  0%| F|  |TAMS 0x000000008a500000| PB 0x000000008a500000| Untracked 
|  14|0x000000008a600000, 0x000000008a600000, 0x000000008a700000|  0%| F|  |TAMS 0x000000008a600000| PB 0x000000008a600000| Untracked 
|  15|0x000000008a700000, 0x000000008a700000, 0x000000008a800000|  0%| F|  |TAMS 0x000000008a700000| PB 0x000000008a700000| Untracked 
|  16|0x000000008a800000, 0x000000008a800000, 0x000000008a900000|  0%| F|  |TAMS 0x000000008a800000| PB 0x000000008a800000| Untracked 
|  17|0x000000008a900000, 0x000000008a900000, 0x000000008aa00000|  0%| F|  |TAMS 0x000000008a900000| PB 0x000000008a900000| Untracked 
|  18|0x000000008aa00000, 0x000000008aa00000, 0x000000008ab00000|  0%| F|  |TAMS 0x000000008aa00000| PB 0x000000008aa00000| Untracked 
|  19|0x000000008ab00000, 0x000000008ab00000, 0x000000008ac00000|  0%| F|  |TAMS 0x000000008ab00000| PB 0x000000008ab00000| Untracked 
|  20|0x000000008ac00000, 0x000000008ac00000, 0x000000008ad00000|  0%| F|  |TAMS 0x000000008ac00000| PB 0x000000008ac00000| Untracked 
|  21|0x000000008ad00000, 0x000000008ad00000, 0x000000008ae00000|  0%| F|  |TAMS 0x000000008ad00000| PB 0x000000008ad00000| Untracked 
|  22|0x000000008ae00000, 0x000000008ae00000, 0x000000008af00000|  0%| F|  |TAMS 0x000000008ae00000| PB 0x000000008ae00000| Untracked 
|  23|0x000000008af00000, 0x000000008af00000, 0x000000008b000000|  0%| F|  |TAMS 0x000000008af00000| PB 0x000000008af00000| Untracked 
|  24|0x000000008b000000, 0x000000008b000000, 0x000000008b100000|  0%| F|  |TAMS 0x000000008b000000| PB 0x000000008b000000| Untracked 
|  25|0x000000008b100000, 0x000000008b100000, 0x000000008b200000|  0%| F|  |TAMS 0x000000008b100000| PB 0x000000008b100000| Untracked 
|  26|0x000000008b200000, 0x000000008b27d848, 0x000000008b300000| 49%| S|CS|TAMS 0x000000008b200000| PB 0x000000008b200000| Complete 
|  27|0x000000008b300000, 0x000000008b400000, 0x000000008b400000|100%| S|CS|TAMS 0x000000008b300000| PB 0x000000008b300000| Complete 
|  28|0x000000008b400000, 0x000000008b500000, 0x000000008b500000|100%| S|CS|TAMS 0x000000008b400000| PB 0x000000008b400000| Complete 
|  29|0x000000008b500000, 0x000000008b500000, 0x000000008b600000|  0%| F|  |TAMS 0x000000008b500000| PB 0x000000008b500000| Untracked 
|  30|0x000000008b600000, 0x000000008b600000, 0x000000008b700000|  0%| F|  |TAMS 0x000000008b600000| PB 0x000000008b600000| Untracked 
|  31|0x000000008b700000, 0x000000008b700000, 0x000000008b800000|  0%| F|  |TAMS 0x000000008b700000| PB 0x000000008b700000| Untracked 
|  32|0x000000008b800000, 0x000000008b800000, 0x000000008b900000|  0%| F|  |TAMS 0x000000008b800000| PB 0x000000008b800000| Untracked 
|  33|0x000000008b900000, 0x000000008b900000, 0x000000008ba00000|  0%| F|  |TAMS 0x000000008b900000| PB 0x000000008b900000| Untracked 
|  34|0x000000008ba00000, 0x000000008ba00000, 0x000000008bb00000|  0%| F|  |TAMS 0x000000008ba00000| PB 0x000000008ba00000| Untracked 
|  35|0x000000008bb00000, 0x000000008bb00000, 0x000000008bc00000|  0%| F|  |TAMS 0x000000008bb00000| PB 0x000000008bb00000| Untracked 
|  36|0x000000008bc00000, 0x000000008bc00000, 0x000000008bd00000|  0%| F|  |TAMS 0x000000008bc00000| PB 0x000000008bc00000| Untracked 
|  37|0x000000008bd00000, 0x000000008bd00000, 0x000000008be00000|  0%| F|  |TAMS 0x000000008bd00000| PB 0x000000008bd00000| Untracked 
|  38|0x000000008be00000, 0x000000008be00000, 0x000000008bf00000|  0%| F|  |TAMS 0x000000008be00000| PB 0x000000008be00000| Untracked 
|  39|0x000000008bf00000, 0x000000008bf00000, 0x000000008c000000|  0%| F|  |TAMS 0x000000008bf00000| PB 0x000000008bf00000| Untracked 
|  40|0x000000008c000000, 0x000000008c000000, 0x000000008c100000|  0%| F|  |TAMS 0x000000008c000000| PB 0x000000008c000000| Untracked 
|  41|0x000000008c100000, 0x000000008c100000, 0x000000008c200000|  0%| F|  |TAMS 0x000000008c100000| PB 0x000000008c100000| Untracked 
|  42|0x000000008c200000, 0x000000008c200000, 0x000000008c300000|  0%| F|  |TAMS 0x000000008c200000| PB 0x000000008c200000| Untracked 
|  43|0x000000008c300000, 0x000000008c300000, 0x000000008c400000|  0%| F|  |TAMS 0x000000008c300000| PB 0x000000008c300000| Untracked 
|  44|0x000000008c400000, 0x000000008c400000, 0x000000008c500000|  0%| F|  |TAMS 0x000000008c400000| PB 0x000000008c400000| Untracked 
|  45|0x000000008c500000, 0x000000008c500000, 0x000000008c600000|  0%| F|  |TAMS 0x000000008c500000| PB 0x000000008c500000| Untracked 
|  46|0x000000008c600000, 0x000000008c600000, 0x000000008c700000|  0%| F|  |TAMS 0x000000008c600000| PB 0x000000008c600000| Untracked 
|  48|0x000000008c800000, 0x000000008c800000, 0x000000008c900000|  0%| F|  |TAMS 0x000000008c800000| PB 0x000000008c800000| Untracked 
|  49|0x000000008c900000, 0x000000008c902d60, 0x000000008ca00000|  1%| E|  |TAMS 0x000000008c900000| PB 0x000000008c900000| Complete 
|  50|0x000000008ca00000, 0x000000008cb00000, 0x000000008cb00000|100%| E|CS|TAMS 0x000000008ca00000| PB 0x000000008ca00000| Complete 
|  51|0x000000008cb00000, 0x000000008cc00000, 0x000000008cc00000|100%| E|CS|TAMS 0x000000008cb00000| PB 0x000000008cb00000| Complete 
| 118|0x0000000090e00000, 0x0000000090f00000, 0x0000000090f00000|100%| E|CS|TAMS 0x0000000090e00000| PB 0x0000000090e00000| Complete 
| 119|0x0000000090f00000, 0x0000000091000000, 0x0000000091000000|100%| E|CS|TAMS 0x0000000090f00000| PB 0x0000000090f00000| Complete 

Card table byte_map: [0x00000203fe480000,0x00000203fe840000] _byte_map_base: 0x00000203fe034000

Marking Bits: (CMBitMap*) 0x00000203fa9ef7f0
 Bits: [0x0000020388610000, 0x000002038a3b0000)

Polling page: 0x00000203fa150000

Metaspace:

Usage:
  Non-class:     24.35 MB used.
      Class:      3.68 MB used.
       Both:     28.03 MB used.

Virtual space:
  Non-class space:       64.00 MB reserved,      24.69 MB ( 39%) committed,  1 nodes.
      Class space:        1.00 GB reserved,       3.94 MB ( <1%) committed,  1 nodes.
             Both:        1.06 GB reserved,      28.62 MB (  3%) committed. 

Chunk freelists:
   Non-Class:  7.04 MB
       Class:  12.10 MB
        Both:  19.14 MB

MaxMetaspaceSize: unlimited
CompressedClassSpaceSize: 1.00 GB
Initial GC threshold: 21.00 MB
Current GC threshold: 47.62 MB
CDS: on
 - commit_granule_bytes: 65536.
 - commit_granule_words: 8192.
 - virtual_space_node_default_size: 8388608.
 - enlarge_chunks_in_place: 1.
 - use_allocation_guard: 0.


Internal statistics:

num_allocs_failed_limit: 3.
num_arena_births: 716.
num_arena_deaths: 0.
num_vsnodes_births: 2.
num_vsnodes_deaths: 0.
num_space_committed: 458.
num_space_uncommitted: 0.
num_chunks_returned_to_freelist: 3.
num_chunks_taken_from_freelist: 1644.
num_chunk_merges: 0.
num_chunk_splits: 1122.
num_chunks_enlarged: 775.
num_inconsistent_stats: 0.

CodeCache: size=49152Kb used=8317Kb max_used=9644Kb free=40834Kb
 bounds [0x00000203faa50000, 0x00000203fb3c0000, 0x00000203fda50000]
 total_blobs=4753 nmethods=4201 adapters=475
 compilation: enabled
              stopped_count=0, restarted_count=0
 full_count=0

Compilation events (20 events):
Event: 65.857 Thread 0x00000203d272d9e0 4231       1       sun.nio.ch.SocketDispatcher::write (8 bytes)
Event: 65.857 Thread 0x00000203d272d9e0 nmethod 4231 0x00000203faba9b90 code [0x00000203faba9d40, 0x00000203faba9e38]
Event: 66.357 Thread 0x00000203d272d9e0 4234       1       sun.rmi.transport.tcp.TCPConnection::releaseOutputStream (15 bytes)
Event: 66.357 Thread 0x00000203d272d9e0 nmethod 4234 0x00000203faba9810 code [0x00000203faba99c0, 0x00000203faba9ac8]
Event: 66.358 Thread 0x00000203d272d9e0 4235       1       java.io.ObjectInputStream::readString (117 bytes)
Event: 66.359 Thread 0x00000203d272d9e0 nmethod 4235 0x00000203faba8790 code [0x00000203faba8a40, 0x00000203faba92c8]
Event: 67.417 Thread 0x00000203d272d9e0 4236       1       java.lang.invoke.LambdaForm$MH/0x000002038e0ca000::invoke (57 bytes)
Event: 67.417 Thread 0x00000203d272d9e0 nmethod 4236 0x00000203faba8110 code [0x00000203faba82e0, 0x00000203faba8548]
Event: 67.417 Thread 0x00000203ff69a7b0 4237       1       java.lang.invoke.LambdaForm$DMH/0x000002038e0c9400::invokeSpecial (15 bytes)
Event: 67.418 Thread 0x00000203d272d9e0 4238   !   1       java.io.ObjectOutputStream::writeArray (589 bytes)
Event: 67.418 Thread 0x00000203ff69a7b0 nmethod 4237 0x00000203faba7d10 code [0x00000203faba7ec0, 0x00000203faba8000]
Event: 67.420 Thread 0x00000203d272d9e0 nmethod 4238 0x00000203faba6010 code [0x00000203faba63c0, 0x00000203faba7170]
Event: 68.476 Thread 0x00000203d272d9e0 4239       1       java.lang.reflect.InvocationTargetException::getTargetException (5 bytes)
Event: 68.477 Thread 0x00000203d272d9e0 nmethod 4239 0x00000203faba5d10 code [0x00000203faba5ea0, 0x00000203faba5f68]
Event: 68.477 Thread 0x00000203ff69a7b0 4240       1       java.io.SerialCallbackContext::getObj (9 bytes)
Event: 68.477 Thread 0x00000203d272d9e0 4241       1       java.io.SerialCallbackContext::checkAndSetUsed (26 bytes)
Event: 68.477 Thread 0x00000203d272d9e0 nmethod 4241 0x00000203faba5910 code [0x00000203faba5ac0, 0x00000203faba5c48]
Event: 68.477 Thread 0x00000203ff69a7b0 nmethod 4240 0x00000203faba5510 code [0x00000203faba56c0, 0x00000203faba5848]
Event: 77.585 Thread 0x00000203ff69a7b0 4242       1       java.util.ComparableTimSort::sort (219 bytes)
Event: 77.586 Thread 0x00000203ff69a7b0 nmethod 4242 0x00000203faba4b90 code [0x00000203faba4da0, 0x00000203faba51e8]

GC Heap History (18 events):
Event: 1.836 GC heap before
{Heap before GC invocations=0 (full 0):
 garbage-first heap   total 122880K, used 22528K [0x0000000089800000, 0x0000000100000000)
  region size 1024K, 23 young (23552K), 0 survivors (0K)
 Metaspace       used 7112K, committed 7296K, reserved 1114112K
  class space    used 795K, committed 896K, reserved 1048576K
}
Event: 1.847 GC heap after
{Heap after GC invocations=1 (full 0):
 garbage-first heap   total 122880K, used 5432K [0x0000000089800000, 0x0000000100000000)
  region size 1024K, 3 young (3072K), 3 survivors (3072K)
 Metaspace       used 7112K, committed 7296K, reserved 1114112K
  class space    used 795K, committed 896K, reserved 1048576K
}
Event: 2.309 GC heap before
{Heap before GC invocations=1 (full 0):
 garbage-first heap   total 122880K, used 34104K [0x0000000089800000, 0x0000000100000000)
  region size 1024K, 31 young (31744K), 3 survivors (3072K)
 Metaspace       used 10596K, committed 10944K, reserved 1114112K
  class space    used 1260K, committed 1408K, reserved 1048576K
}
Event: 2.314 GC heap after
{Heap after GC invocations=2 (full 0):
 garbage-first heap   total 122880K, used 7129K [0x0000000089800000, 0x0000000100000000)
  region size 1024K, 2 young (2048K), 2 survivors (2048K)
 Metaspace       used 10596K, committed 10944K, reserved 1114112K
  class space    used 1260K, committed 1408K, reserved 1048576K
}
Event: 3.095 GC heap before
{Heap before GC invocations=2 (full 0):
 garbage-first heap   total 122880K, used 72665K [0x0000000089800000, 0x0000000100000000)
  region size 1024K, 68 young (69632K), 2 survivors (2048K)
 Metaspace       used 16954K, committed 17344K, reserved 1114112K
  class space    used 2135K, committed 2304K, reserved 1048576K
}
Event: 3.100 GC heap after
{Heap after GC invocations=3 (full 0):
 garbage-first heap   total 122880K, used 9283K [0x0000000089800000, 0x0000000100000000)
  region size 1024K, 4 young (4096K), 4 survivors (4096K)
 Metaspace       used 16954K, committed 17344K, reserved 1114112K
  class space    used 2135K, committed 2304K, reserved 1048576K
}
Event: 3.261 GC heap before
{Heap before GC invocations=4 (full 0):
 garbage-first heap   total 40960K, used 40003K [0x0000000089800000, 0x0000000100000000)
  region size 1024K, 34 young (34816K), 4 survivors (4096K)
 Metaspace       used 19536K, committed 19904K, reserved 1114112K
  class space    used 2475K, committed 2688K, reserved 1048576K
}
Event: 3.265 GC heap after
{Heap after GC invocations=5 (full 0):
 garbage-first heap   total 45056K, used 9689K [0x0000000089800000, 0x0000000100000000)
  region size 1024K, 4 young (4096K), 4 survivors (4096K)
 Metaspace       used 19536K, committed 19904K, reserved 1114112K
  class space    used 2475K, committed 2688K, reserved 1048576K
}
Event: 3.454 GC heap before
{Heap before GC invocations=5 (full 0):
 garbage-first heap   total 45056K, used 32217K [0x0000000089800000, 0x0000000100000000)
  region size 1024K, 26 young (26624K), 4 survivors (4096K)
 Metaspace       used 21419K, committed 21824K, reserved 1114112K
  class space    used 2746K, committed 2944K, reserved 1048576K
}
Event: 3.460 GC heap after
{Heap after GC invocations=6 (full 0):
 garbage-first heap   total 45056K, used 10408K [0x0000000089800000, 0x0000000100000000)
  region size 1024K, 2 young (2048K), 2 survivors (2048K)
 Metaspace       used 21419K, committed 21824K, reserved 1114112K
  class space    used 2746K, committed 2944K, reserved 1048576K
}
Event: 3.910 GC heap before
{Heap before GC invocations=6 (full 0):
 garbage-first heap   total 45056K, used 33960K [0x0000000089800000, 0x0000000100000000)
  region size 1024K, 26 young (26624K), 2 survivors (2048K)
 Metaspace       used 22626K, committed 22976K, reserved 1114112K
  class space    used 2931K, committed 3072K, reserved 1048576K
}
Event: 3.913 GC heap after
{Heap after GC invocations=7 (full 0):
 garbage-first heap   total 45056K, used 11463K [0x0000000089800000, 0x0000000100000000)
  region size 1024K, 3 young (3072K), 3 survivors (3072K)
 Metaspace       used 22626K, committed 22976K, reserved 1114112K
  class space    used 2931K, committed 3072K, reserved 1048576K
}
Event: 4.257 GC heap before
{Heap before GC invocations=7 (full 0):
 garbage-first heap   total 45056K, used 35015K [0x0000000089800000, 0x0000000100000000)
  region size 1024K, 26 young (26624K), 3 survivors (3072K)
 Metaspace       used 24359K, committed 24832K, reserved 1114112K
  class space    used 3177K, committed 3392K, reserved 1048576K
}
Event: 4.263 GC heap after
{Heap after GC invocations=8 (full 0):
 garbage-first heap   total 45056K, used 12660K [0x0000000089800000, 0x0000000100000000)
  region size 1024K, 3 young (3072K), 3 survivors (3072K)
 Metaspace       used 24359K, committed 24832K, reserved 1114112K
  class space    used 3177K, committed 3392K, reserved 1048576K
}
Event: 4.682 GC heap before
{Heap before GC invocations=8 (full 0):
 garbage-first heap   total 45056K, used 36212K [0x0000000089800000, 0x0000000100000000)
  region size 1024K, 26 young (26624K), 3 survivors (3072K)
 Metaspace       used 26603K, committed 27200K, reserved 1114112K
  class space    used 3520K, committed 3776K, reserved 1048576K
}
Event: 4.687 GC heap after
{Heap after GC invocations=9 (full 0):
 garbage-first heap   total 54272K, used 14124K [0x0000000089800000, 0x0000000100000000)
  region size 1024K, 4 young (4096K), 4 survivors (4096K)
 Metaspace       used 26603K, committed 27200K, reserved 1114112K
  class space    used 3520K, committed 3776K, reserved 1048576K
}
Event: 5.044 GC heap before
{Heap before GC invocations=9 (full 0):
 garbage-first heap   total 54272K, used 37676K [0x0000000089800000, 0x0000000100000000)
  region size 1024K, 28 young (28672K), 4 survivors (4096K)
 Metaspace       used 28600K, committed 29120K, reserved 1114112K
  class space    used 3739K, committed 3968K, reserved 1048576K
}
Event: 5.049 GC heap after
{Heap after GC invocations=10 (full 0):
 garbage-first heap   total 54272K, used 14809K [0x0000000089800000, 0x0000000100000000)
  region size 1024K, 3 young (3072K), 3 survivors (3072K)
 Metaspace       used 28600K, committed 29120K, reserved 1114112K
  class space    used 3739K, committed 3968K, reserved 1048576K
}

Dll operation events (12 events):
Event: 0.145 Loaded shared library C:\pleiades\2024-03\java\21\bin\java.dll
Event: 0.851 Loaded shared library C:\pleiades\2024-03\java\21\bin\zip.dll
Event: 0.863 Loaded shared library C:\pleiades\2024-03\java\21\bin\instrument.dll
Event: 0.872 Loaded shared library C:\pleiades\2024-03\java\21\bin\net.dll
Event: 0.874 Loaded shared library C:\pleiades\2024-03\java\21\bin\nio.dll
Event: 0.878 Loaded shared library C:\pleiades\2024-03\java\21\bin\zip.dll
Event: 1.121 Loaded shared library C:\pleiades\2024-03\java\21\bin\jimage.dll
Event: 1.223 Loaded shared library C:\pleiades\2024-03\java\21\bin\management.dll
Event: 1.242 Loaded shared library C:\pleiades\2024-03\java\21\bin\management_ext.dll
Event: 1.570 Loaded shared library C:\pleiades\2024-03\java\21\bin\verify.dll
Event: 1.775 Loaded shared library C:\pleiades\2024-03\java\21\bin\extnet.dll
Event: 3.429 Loaded shared library C:\pleiades\2024-03\java\21\bin\sunmscapi.dll

Deoptimization events (20 events):
Event: 77.032 Thread 0x00000203d26ef780 DEOPT PACKING pc=0x00000203fabe4534 sp=0x000000ff6a0feb20
Event: 77.032 Thread 0x00000203d26ef780 DEOPT UNPACKING pc=0x00000203faaa4e42 sp=0x000000ff6a0fe020 mode 1
Event: 77.032 Thread 0x00000203d26ef780 DEOPT PACKING pc=0x00000203fabe0bf4 sp=0x000000ff6a0fecd0
Event: 77.032 Thread 0x00000203d26ef780 DEOPT UNPACKING pc=0x00000203faaa4e42 sp=0x000000ff6a0fe1c0 mode 1
Event: 77.585 Thread 0x00000203d26ef780 DEOPT PACKING pc=0x00000203fabe4534 sp=0x000000ff6a0feb20
Event: 77.585 Thread 0x00000203d26ef780 DEOPT UNPACKING pc=0x00000203faaa4e42 sp=0x000000ff6a0fe020 mode 1
Event: 77.585 Thread 0x00000203d26ef780 DEOPT PACKING pc=0x00000203fabe0bf4 sp=0x000000ff6a0fecd0
Event: 77.585 Thread 0x00000203d26ef780 DEOPT UNPACKING pc=0x00000203faaa4e42 sp=0x000000ff6a0fe1c0 mode 1
Event: 78.138 Thread 0x00000203d26ef780 DEOPT PACKING pc=0x00000203fabe4534 sp=0x000000ff6a0feb20
Event: 78.138 Thread 0x00000203d26ef780 DEOPT UNPACKING pc=0x00000203faaa4e42 sp=0x000000ff6a0fe020 mode 1
Event: 78.138 Thread 0x00000203d26ef780 DEOPT PACKING pc=0x00000203fabe0bf4 sp=0x000000ff6a0fecd0
Event: 78.138 Thread 0x00000203d26ef780 DEOPT UNPACKING pc=0x00000203faaa4e42 sp=0x000000ff6a0fe1c0 mode 1
Event: 78.643 Thread 0x00000203d26ef780 DEOPT PACKING pc=0x00000203fabe4534 sp=0x000000ff6a0feb20
Event: 78.643 Thread 0x00000203d26ef780 DEOPT UNPACKING pc=0x00000203faaa4e42 sp=0x000000ff6a0fe020 mode 1
Event: 78.643 Thread 0x00000203d26ef780 DEOPT PACKING pc=0x00000203fabe0bf4 sp=0x000000ff6a0fecd0
Event: 78.643 Thread 0x00000203d26ef780 DEOPT UNPACKING pc=0x00000203faaa4e42 sp=0x000000ff6a0fe1c0 mode 1
Event: 79.146 Thread 0x00000203d26ef780 DEOPT PACKING pc=0x00000203fabe4534 sp=0x000000ff6a0feb20
Event: 79.146 Thread 0x00000203d26ef780 DEOPT UNPACKING pc=0x00000203faaa4e42 sp=0x000000ff6a0fe020 mode 1
Event: 79.147 Thread 0x00000203d26ef780 DEOPT PACKING pc=0x00000203fabe0bf4 sp=0x000000ff6a0fecd0
Event: 79.147 Thread 0x00000203d26ef780 DEOPT UNPACKING pc=0x00000203faaa4e42 sp=0x000000ff6a0fe1c0 mode 1

Classes loaded (20 events):
Event: 4.806 Loading class java/lang/instrument/IllegalClassFormatException
Event: 4.806 Loading class java/lang/instrument/IllegalClassFormatException done
Event: 4.807 Loading class java/lang/UnsupportedClassVersionError
Event: 4.807 Loading class java/lang/UnsupportedClassVersionError done
Event: 4.890 Loading class java/util/logging/LogRecord
Event: 4.891 Loading class java/util/logging/LogRecord done
Event: 4.993 Loading class java/util/stream/SortedOps$SizedRefSortingSink
Event: 4.993 Loading class java/util/stream/SortedOps$SizedRefSortingSink done
Event: 5.012 Loading class java/io/EOFException
Event: 5.012 Loading class java/io/EOFException done
Event: 5.013 Loading class javax/net/ssl/SSLException
Event: 5.013 Loading class javax/net/ssl/SSLException done
Event: 5.034 Loading class java/nio/channels/CompletionHandler
Event: 5.034 Loading class java/nio/channels/CompletionHandler done
Event: 5.043 Loading class jdk/internal/vm/annotation/IntrinsicCandidate
Event: 5.043 Loading class jdk/internal/vm/annotation/IntrinsicCandidate done
Event: 5.066 Loading class java/lang/invoke/DirectMethodHandle$Special
Event: 5.066 Loading class java/lang/invoke/DirectMethodHandle$Special done
Event: 5.075 Loading class jdk/internal/event/ThreadSleepEvent
Event: 5.075 Loading class jdk/internal/event/ThreadSleepEvent done

Classes unloaded (0 events):
No events

Classes redefined (0 events):
No events

Internal exceptions (20 events):
Event: 4.361 Thread 0x00000203d281de70 Exception <a 'java/lang/NoSuchMethodError'{0x000000008c8b6d10}: 'void java.lang.invoke.DirectMethodHandle$Holder.invokeVirtual(java.lang.Object, java.lang.Object, int)'> (0x000000008c8b6d10) 
thrown [s\src\hotspot\share\interpreter\linkResolver.cpp, line 773]
Event: 4.362 Thread 0x00000203d281de70 Exception <a 'java/lang/NoSuchMethodError'{0x000000008c8bac58}: 'int java.lang.invoke.DirectMethodHandle$Holder.invokeSpecial(java.lang.Object, java.lang.Object, java.lang.Object, int)'> (0x000000008c8bac58) 
thrown [s\src\hotspot\share\interpreter\linkResolver.cpp, line 773]
Event: 4.364 Thread 0x00000203d281de70 Exception <a 'java/lang/NoSuchMethodError'{0x000000008c8ceaf8}: 'java.lang.Object java.lang.invoke.DirectMethodHandle$Holder.invokeStatic(java.lang.Object, java.lang.Object, java.lang.Object, java.lang.Object, int)'> (0x000000008c8ceaf8) 
thrown [s\src\hotspot\share\interpreter\linkResolver.cpp, line 773]
Event: 4.364 Thread 0x00000203d281de70 Exception <a 'java/lang/NoSuchMethodError'{0x000000008c8d5ea8}: 'void java.lang.invoke.DelegatingMethodHandle$Holder.reinvoke_L(java.lang.Object, java.lang.Object, int)'> (0x000000008c8d5ea8) 
thrown [s\src\hotspot\share\interpreter\linkResolver.cpp, line 773]
Event: 4.378 Thread 0x00000203d281de70 Exception <a 'java/lang/NoSuchMethodError'{0x000000008bd8a830}: 'java.lang.Object java.lang.invoke.DirectMethodHandle$Holder.invokeVirtual(java.lang.Object, java.lang.Object, java.lang.Object, java.lang.Object, java.lang.Object)'> (0x000000008bd8a830) 
thrown [s\src\hotspot\share\interpreter\linkResolver.cpp, line 773]
Event: 4.513 Thread 0x00000203d281de70 Exception <a 'java/lang/NoSuchMethodError'{0x000000008b551788}: 'java.lang.Object java.lang.invoke.DirectMethodHandle$Holder.invokeVirtual(java.lang.Object, java.lang.Object, java.lang.Object, java.lang.Object, java.lang.Object, java.lang.Object)'> (0x000000008b551788) 
thrown [s\src\hotspot\share\interpreter\linkResolver.cpp, line 773]
Event: 4.561 Thread 0x00000203d281de70 Exception <a 'java/lang/NoSuchMethodError'{0x000000008b367ed8}: 'void java.lang.invoke.DirectMethodHandle$Holder.invokeInterface(java.lang.Object, java.lang.Object, int)'> (0x000000008b367ed8) 
thrown [s\src\hotspot\share\interpreter\linkResolver.cpp, line 773]
Event: 4.567 Thread 0x00000203d281de70 Exception <a 'java/lang/IncompatibleClassChangeError'{0x000000008b3aa728}: Found class java.lang.Object, but interface was expected> (0x000000008b3aa728) 
thrown [s\src\hotspot\share\interpreter\linkResolver.cpp, line 840]
Event: 4.570 Thread 0x00000203d281de70 Exception <a 'java/lang/NoSuchMethodError'{0x000000008b3c7f70}: 'void java.lang.invoke.DirectMethodHandle$Holder.invokeStatic(java.lang.Object, int, java.lang.Object)'> (0x000000008b3c7f70) 
thrown [s\src\hotspot\share\interpreter\linkResolver.cpp, line 773]
Event: 4.577 Thread 0x00000203d281de70 Exception <a 'java/lang/NoSuchMethodError'{0x000000008b2033d8}: 'void java.lang.invoke.DirectMethodHandle$Holder.invokeStatic(java.lang.Object, java.lang.Object, java.lang.Object, int, java.lang.Object)'> (0x000000008b2033d8) 
thrown [s\src\hotspot\share\interpreter\linkResolver.cpp, line 773]
Event: 4.577 Thread 0x00000203d281de70 Exception <a 'java/lang/NoSuchMethodError'{0x000000008b209c18}: 'java.lang.Object java.lang.invoke.DirectMethodHandle$Holder.newInvokeSpecial(java.lang.Object, java.lang.Object, java.lang.Object, int)'> (0x000000008b209c18) 
thrown [s\src\hotspot\share\interpreter\linkResolver.cpp, line 773]
Event: 4.578 Thread 0x00000203d281de70 Exception <a 'java/lang/NoSuchMethodError'{0x000000008b20da08}: 'java.lang.Object java.lang.invoke.DirectMethodHandle$Holder.invokeSpecial(java.lang.Object, java.lang.Object, java.lang.Object, java.lang.Object, int)'> (0x000000008b20da08) 
thrown [s\src\hotspot\share\interpreter\linkResolver.cpp, line 773]
Event: 4.578 Thread 0x00000203d281de70 Exception <a 'java/lang/NoSuchMethodError'{0x000000008b210e90}: 'java.lang.Object java.lang.invoke.Invokers$Holder.linkToTargetMethod(java.lang.Object, java.lang.Object, int, java.lang.Object)'> (0x000000008b210e90) 
thrown [s\src\hotspot\share\interpreter\linkResolver.cpp, line 773]
Event: 4.864 Thread 0x00000203d281de70 Exception <a 'java/lang/NoSuchMethodError'{0x000000008c037bd8}: 'int java.lang.invoke.DirectMethodHandle$Holder.invokeVirtual(java.lang.Object, java.lang.Object, java.lang.Object, java.lang.Object)'> (0x000000008c037bd8) 
thrown [s\src\hotspot\share\interpreter\linkResolver.cpp, line 773]
Event: 4.864 Thread 0x00000203d281de70 Exception <a 'java/lang/NoSuchMethodError'{0x000000008c03b640}: 'int java.lang.invoke.DelegatingMethodHandle$Holder.reinvoke_L(java.lang.Object, java.lang.Object, java.lang.Object, java.lang.Object)'> (0x000000008c03b640) 
thrown [s\src\hotspot\share\interpreter\linkResolver.cpp, line 773]
Event: 4.947 Thread 0x00000203d281de70 Exception <a 'java/io/FileNotFoundException'{0x000000008bb4fac0}> (0x000000008bb4fac0) 
thrown [s\src\hotspot\share\prims\jni.cpp, line 520]
Event: 4.969 Thread 0x00000203d281de70 Exception <a 'java/lang/NoSuchMethodError'{0x000000008baa6070}: 'int java.lang.invoke.DirectMethodHandle$Holder.invokeInterface(java.lang.Object, java.lang.Object, java.lang.Object, java.lang.Object)'> (0x000000008baa6070) 
thrown [s\src\hotspot\share\interpreter\linkResolver.cpp, line 773]
Event: 5.034 Thread 0x00000203d281de70 Exception <a 'java/lang/NoSuchMethodError'{0x000000008b6422d0}: 'long java.lang.invoke.DirectMethodHandle$Holder.invokeVirtual(java.lang.Object, java.lang.Object)'> (0x000000008b6422d0) 
thrown [s\src\hotspot\share\interpreter\linkResolver.cpp, line 773]
Event: 5.040 Thread 0x00000203d281de70 Exception <a 'java/io/FileNotFoundException'{0x000000008b6b85e8}> (0x000000008b6b85e8) 
thrown [s\src\hotspot\share\prims\jni.cpp, line 520]
Event: 5.080 Thread 0x00000203d281de70 Exception <a 'java/lang/NoSuchMethodError'{0x0000000090feea70}: 'void java.lang.invoke.Invokers$Holder.invokeExact_MT(java.lang.Object, java.lang.Object, java.lang.Object, java.lang.Object)'> (0x0000000090feea70) 
thrown [s\src\hotspot\share\interpreter\linkResolver.cpp, line 773]

ZGC Phase Switch (0 events):
No events

VM Operations (20 events):
Event: 40.367 Executing VM operation: Cleanup
Event: 40.367 Executing VM operation: Cleanup done
Event: 43.391 Executing VM operation: Cleanup
Event: 43.391 Executing VM operation: Cleanup done
Event: 46.423 Executing VM operation: Cleanup
Event: 46.423 Executing VM operation: Cleanup done
Event: 55.497 Executing VM operation: Cleanup
Event: 55.497 Executing VM operation: Cleanup done
Event: 58.525 Executing VM operation: Cleanup
Event: 58.525 Executing VM operation: Cleanup done
Event: 60.311 Executing VM operation: HandshakeAllThreads (HandshakeForDeflation)
Event: 60.311 Executing VM operation: HandshakeAllThreads (HandshakeForDeflation) done
Event: 60.311 Executing VM operation: RendezvousGCThreads
Event: 60.311 Executing VM operation: RendezvousGCThreads done
Event: 64.345 Executing VM operation: Cleanup
Event: 64.345 Executing VM operation: Cleanup done
Event: 65.355 Executing VM operation: Cleanup
Event: 65.355 Executing VM operation: Cleanup done
Event: 66.367 Executing VM operation: Cleanup
Event: 66.367 Executing VM operation: Cleanup done

Events (20 events):
Event: 5.065 Thread 0x00000203ff668bb0 flushing nmethod 0x00000203fad60e90
Event: 5.065 Thread 0x00000203ff668bb0 flushing nmethod 0x00000203fad5bc90
Event: 5.065 Thread 0x00000203ff668bb0 flushing nmethod 0x00000203fad46c10
Event: 5.065 Thread 0x00000203ff668bb0 flushing nmethod 0x00000203fad52890
Event: 5.065 Thread 0x00000203ff668bb0 flushing nmethod 0x00000203fad02d10
Event: 5.065 Thread 0x00000203ff668bb0 flushing nmethod 0x00000203facf9a10
Event: 5.065 Thread 0x00000203ff668bb0 flushing nmethod 0x00000203facf8d10
Event: 5.065 Thread 0x00000203ff668bb0 flushing nmethod 0x00000203facf7790
Event: 5.065 Thread 0x00000203ff668bb0 flushing nmethod 0x00000203face4490
Event: 5.065 Thread 0x00000203ff668bb0 flushing nmethod 0x00000203fac2f490
Event: 5.065 Thread 0x00000203ff668bb0 flushing nmethod 0x00000203fac2c810
Event: 5.065 Thread 0x00000203ff668bb0 flushing nmethod 0x00000203fac2be90
Event: 5.075 Thread 0x00000203d281f220 Thread added: 0x00000203d281f220
Event: 5.769 Thread 0x00000203d2206770 Thread exited: 0x00000203d2206770
Event: 6.273 Thread 0x000002038c4e5c20 Thread exited: 0x000002038c4e5c20
Event: 9.937 Thread 0x000002038c4d0ba0 Thread exited: 0x000002038c4d0ba0
Event: 45.180 Thread 0x00000203d222d100 Thread added: 0x00000203d222d100
Event: 51.729 Thread 0x00000203d222d100 Thread exited: 0x00000203d222d100
Event: 64.292 Thread 0x00000203d272d9e0 Thread added: 0x00000203d272d9e0
Event: 73.487 Thread 0x00000203d272d9e0 Thread exited: 0x00000203d272d9e0


Dynamic libraries:
0x00007ff7e29f0000 - 0x00007ff7e29fe000 	C:\pleiades\2024-03\java\21\bin\javaw.exe
0x00007ffdf67b0000 - 0x00007ffdf69c7000 	C:\WINDOWS\SYSTEM32\ntdll.dll
0x00007ffdc8f20000 - 0x00007ffdc8f3a000 	C:\Program Files\Norton\Suite\aswhook.dll
0x00007ffdf6180000 - 0x00007ffdf6244000 	C:\WINDOWS\System32\KERNEL32.DLL
0x00007ffdf3f00000 - 0x00007ffdf42ba000 	C:\WINDOWS\System32\KERNELBASE.dll
0x00007ffdf3de0000 - 0x00007ffdf3ef1000 	C:\WINDOWS\System32\ucrtbase.dll
0x00007ffdcbe20000 - 0x00007ffdcbe3b000 	C:\pleiades\2024-03\java\21\bin\VCRUNTIME140.dll
0x00007ffd95a30000 - 0x00007ffd95a48000 	C:\pleiades\2024-03\java\21\bin\jli.dll
0x00007ffdf44a0000 - 0x00007ffdf464e000 	C:\WINDOWS\System32\USER32.dll
0x00007ffdd66f0000 - 0x00007ffdd6982000 	C:\WINDOWS\WinSxS\amd64_microsoft.windows.common-controls_6595b64144ccf1df_6.0.22621.4541_none_2710d1c57384c085\COMCTL32.dll
0x00007ffdf3a70000 - 0x00007ffdf3a96000 	C:\WINDOWS\System32\win32u.dll
0x00007ffdf51d0000 - 0x00007ffdf5277000 	C:\WINDOWS\System32\msvcrt.dll
0x00007ffdf6100000 - 0x00007ffdf6129000 	C:\WINDOWS\System32\GDI32.dll
0x00007ffdf3aa0000 - 0x00007ffdf3bbb000 	C:\WINDOWS\System32\gdi32full.dll
0x00007ffdf42c0000 - 0x00007ffdf435a000 	C:\WINDOWS\System32\msvcp_win.dll
0x00007ffdf4e50000 - 0x00007ffdf4e81000 	C:\WINDOWS\System32\IMM32.DLL
0x00007ffdcbe10000 - 0x00007ffdcbe1c000 	C:\pleiades\2024-03\java\21\bin\vcruntime140_1.dll
0x00007ffd85c50000 - 0x00007ffd85cde000 	C:\pleiades\2024-03\java\21\bin\msvcp140.dll
0x00007ffd92170000 - 0x00007ffd92ef3000 	C:\pleiades\2024-03\java\21\bin\server\jvm.dll
0x00007ffdf57a0000 - 0x00007ffdf5852000 	C:\WINDOWS\System32\ADVAPI32.dll
0x00007ffdf4d20000 - 0x00007ffdf4dc7000 	C:\WINDOWS\System32\sechost.dll
0x00007ffdf3d30000 - 0x00007ffdf3d58000 	C:\WINDOWS\System32\bcrypt.dll
0x00007ffdf6400000 - 0x00007ffdf6514000 	C:\WINDOWS\System32\RPCRT4.dll
0x00007ffdf5150000 - 0x00007ffdf51c1000 	C:\WINDOWS\System32\WS2_32.dll
0x00007ffdf2900000 - 0x00007ffdf294d000 	C:\WINDOWS\SYSTEM32\POWRPROF.dll
0x00007ffdecf90000 - 0x00007ffdecfc4000 	C:\WINDOWS\SYSTEM32\WINMM.dll
0x00007ffdea870000 - 0x00007ffdea87a000 	C:\WINDOWS\SYSTEM32\VERSION.dll
0x00007ffdf28e0000 - 0x00007ffdf28f3000 	C:\WINDOWS\SYSTEM32\UMPDC.dll
0x00007ffdf2ba0000 - 0x00007ffdf2bb8000 	C:\WINDOWS\SYSTEM32\kernel.appcore.dll
0x00007ffdd6560000 - 0x00007ffdd656a000 	C:\pleiades\2024-03\java\21\bin\jimage.dll
0x00007ffded550000 - 0x00007ffded782000 	C:\WINDOWS\SYSTEM32\DBGHELP.DLL
0x00007ffdf4650000 - 0x00007ffdf49e1000 	C:\WINDOWS\System32\combase.dll
0x00007ffdf4ec0000 - 0x00007ffdf4f97000 	C:\WINDOWS\System32\OLEAUT32.dll
0x00007ffde8870000 - 0x00007ffde88a2000 	C:\WINDOWS\SYSTEM32\dbgcore.DLL
0x00007ffdf3d60000 - 0x00007ffdf3ddb000 	C:\WINDOWS\System32\bcryptPrimitives.dll
0x00007ffdef2b0000 - 0x00007ffdef2ec000 	C:\pleiades\2024-03\java\21\bin\jdwp.dll
0x00007ffdd6490000 - 0x00007ffdd649f000 	C:\pleiades\2024-03\java\21\bin\instrument.dll
0x00007ffd95a10000 - 0x00007ffd95a2f000 	C:\pleiades\2024-03\java\21\bin\java.dll
0x00007ffdf5860000 - 0x00007ffdf60d9000 	C:\WINDOWS\System32\SHELL32.dll
0x00007ffdf19c0000 - 0x00007ffdf22c9000 	C:\WINDOWS\SYSTEM32\windows.storage.dll
0x00007ffdf1880000 - 0x00007ffdf19bf000 	C:\WINDOWS\SYSTEM32\wintypes.dll
0x00007ffdf6250000 - 0x00007ffdf634a000 	C:\WINDOWS\System32\SHCORE.dll
0x00007ffdf4b50000 - 0x00007ffdf4bae000 	C:\WINDOWS\System32\shlwapi.dll
0x00007ffdf39a0000 - 0x00007ffdf39cb000 	C:\WINDOWS\SYSTEM32\profapi.dll
0x00007ffdef350000 - 0x00007ffdef35c000 	C:\pleiades\2024-03\java\21\bin\dt_socket.dll
0x00007ffdf25a0000 - 0x00007ffdf25cd000 	C:\WINDOWS\SYSTEM32\IPHLPAPI.DLL
0x00007ffdf3020000 - 0x00007ffdf3089000 	C:\WINDOWS\system32\mswsock.dll
0x00007ffdf25d0000 - 0x00007ffdf26d2000 	C:\WINDOWS\SYSTEM32\DNSAPI.dll
0x00007ffdf4e90000 - 0x00007ffdf4e99000 	C:\WINDOWS\System32\NSI.dll
0x00007ffdeede0000 - 0x00007ffdeedea000 	C:\Windows\System32\rasadhlp.dll
0x00007ffdec800000 - 0x00007ffdec883000 	C:\WINDOWS\System32\fwpuclnt.dll
0x00007ffd959f0000 - 0x00007ffd95a08000 	C:\pleiades\2024-03\java\21\bin\zip.dll
0x00007ffdd57d0000 - 0x00007ffdd57e0000 	C:\pleiades\2024-03\java\21\bin\net.dll
0x00007ffdef8f0000 - 0x00007ffdefa26000 	C:\WINDOWS\SYSTEM32\WINHTTP.dll
0x00007ffd95780000 - 0x00007ffd95796000 	C:\pleiades\2024-03\java\21\bin\nio.dll
0x00007ffdcbe50000 - 0x00007ffdcbe5a000 	C:\pleiades\2024-03\java\21\bin\management.dll
0x00007ffdcbe40000 - 0x00007ffdcbe4b000 	C:\pleiades\2024-03\java\21\bin\management_ext.dll
0x00007ffdf4eb0000 - 0x00007ffdf4eb8000 	C:\WINDOWS\System32\PSAPI.DLL
0x00007ffdd4380000 - 0x00007ffdd4397000 	C:\WINDOWS\system32\napinsp.dll
0x00007ffdd4360000 - 0x00007ffdd437b000 	C:\WINDOWS\system32\pnrpnsp.dll
0x00007ffdd4340000 - 0x00007ffdd4351000 	C:\WINDOWS\System32\winrnr.dll
0x00007ffdee540000 - 0x00007ffdee555000 	C:\WINDOWS\system32\wshbth.dll
0x00007ffdd4310000 - 0x00007ffdd4337000 	C:\WINDOWS\system32\nlansp_c.dll
0x00007ffdcbe00000 - 0x00007ffdcbe10000 	C:\pleiades\2024-03\java\21\bin\verify.dll
0x00007ffdf3280000 - 0x00007ffdf329b000 	C:\WINDOWS\SYSTEM32\CRYPTSP.dll
0x00007ffdf2b00000 - 0x00007ffdf2b35000 	C:\WINDOWS\system32\rsaenh.dll
0x00007ffdf3110000 - 0x00007ffdf3138000 	C:\WINDOWS\SYSTEM32\USERENV.dll
0x00007ffdf3270000 - 0x00007ffdf327c000 	C:\WINDOWS\SYSTEM32\CRYPTBASE.dll
0x00007ffdec700000 - 0x00007ffdec709000 	C:\pleiades\2024-03\java\21\bin\extnet.dll
0x00007ffdc5d00000 - 0x00007ffdc5d0e000 	C:\pleiades\2024-03\java\21\bin\sunmscapi.dll
0x00007ffdf3bc0000 - 0x00007ffdf3d26000 	C:\WINDOWS\System32\CRYPT32.dll
0x00007ffdf3430000 - 0x00007ffdf345d000 	C:\WINDOWS\SYSTEM32\ncrypt.dll
0x00007ffdf33f0000 - 0x00007ffdf3427000 	C:\WINDOWS\SYSTEM32\NTASN1.dll

dbghelp: loaded successfully - version: 4.0.5 - missing functions: none
symbol engine: initialized successfully - sym options: 0x614 - pdb path: .;C:\pleiades\2024-03\java\21\bin;C:\WINDOWS\SYSTEM32;C:\Program Files\Norton\Suite;C:\WINDOWS\WinSxS\amd64_microsoft.windows.common-controls_6595b64144ccf1df_6.0.22621.4541_none_2710d1c57384c085;C:\pleiades\2024-03\java\21\bin\server

VM Arguments:
jvm_args: -XX:+ShowCodeDetailsInExceptionMessages -agentlib:jdwp=transport=dt_socket,suspend=y,address=localhost:51577 -Dcom.sun.management.jmxremote -Dcom.sun.management.jmxremote.port=51576 -Dcom.sun.management.jmxremote.authenticate=false -Dcom.sun.management.jmxremote.ssl=false -Djava.rmi.server.hostname=localhost -Dspring.jmx.enabled=true -Dmanagement.endpoints.jmx.exposure.include=* -Dspring.application.admin.enabled=true -XX:TieredStopAtLevel=1 -Dspring.boot.project.name=Java_development -javaagent:C:\pleiades\2024-03\eclipse\configuration\org.eclipse.osgi\251\0\.cp\lib\javaagent-shaded.jar -Dfile.encoding=UTF-8 -Dstdout.encoding=UTF-8 -Dstderr.encoding=UTF-8 
java_command: com.example.demo.JavaDevelopmentApplication --spring.output.ansi.enabled=always
java_class_path (initial): C:\pleiades\2024-03\workspace\Java_development\bin\main;C:\Users\ojoyu\.gradle\caches\modules-2\files-2.1\org.springframework.boot\spring-boot-starter-thymeleaf\3.4.0\1ec7fdf829d485800146ec333d6e30af9fbc4830\spring-boot-starter-thymeleaf-3.4.0.jar;C:\Users\ojoyu\.gradle\caches\modules-2\files-2.1\org.springframework.boot\spring-boot-starter-web\3.4.0\5447a62dc3dee3eadf2def23314e0db4c81bb3\spring-boot-starter-web-3.4.0.jar;C:\Users\ojoyu\.gradle\caches\modules-2\files-2.1\org.springframework.boot\spring-boot-starter-json\3.4.0\b817379dd7629234dbacd52a7d5a6b11f95d8d67\spring-boot-starter-json-3.4.0.jar;C:\Users\ojoyu\.gradle\caches\modules-2\files-2.1\org.springframework.boot\spring-boot-starter\3.4.0\81b6241291e468e5654a4df26ee8fb35c2879bbc\spring-boot-starter-3.4.0.jar;C:\Users\ojoyu\.gradle\caches\modules-2\files-2.1\org.thymeleaf\thymeleaf-spring6\3.1.2.RELEASE\6030c7b4e260c41336f378e53da6e8531263f24b\thymeleaf-spring6-3.1.2.RELEASE.jar;C:\Users\ojoyu\.gradle\caches\modules-2\files-2.1\org.springframework.boot\spring-boot-starter-tomcat\3.4.0\90a4cb855aa6fab8da0a3831d8fff5e5a9093d6a\spring-boot-starter-tomcat-3.4.0.jar;C:\Users\ojoyu\.gradle\caches\modules-2\files-2.1\org.springframework\spring-webmvc\6.2.0\2eddfeb4d7a12b1ed301bc07abc7e73bca94c2e9\spring-webmvc-6.2.0.jar;C:\Users\ojoyu\.gradle\caches\modules-2\files-2.1\org.springframework\spring-web\6.2.0\e1b702476fe83b2354baf88b8179f71c53fbbfae\spring-web-6.2.0.jar;C:\Users\ojoyu\.gradle\caches\modules-2\files-2.1\org.springframework.boot\spring-boot-autoconfigure\3.4.0\2cf78b01be25952c96cb8ee60b4b0562b3a136f2\spring-boot-autoconfigure-3.4.0.jar;C:\Users\ojoyu\.gradle\caches\modules-2\files-2.1\org.springframework.boot\spring-boot\3.4.0\cbc6c54cc6958a5e24872025e0d6ff0c87ed3594\spring-boot-3.4.0.jar;C:\Users\ojoyu\.gradle\caches\modules-2\files-2.1\org.springframework.boot\spring-boot-starter-logging\3.4.0\10d953f63139bf05ca8bee79272aadac745e297e\spring-boot-starter-logging-3.4.0.jar;C:\Users\ojoyu\.gradle\caches\modules-2\files-2.1\jakarta.annotation\jakarta.annotation-api\2.1.1\48b9bda22b091b1f48b13af03fe36db3be6e1ae3\jakarta.annotation-api-2.1.1.jar;C:\Users\ojoyu\.gradle\caches\modules-2\files-2.1\org.springframework\spring-context\6.2.0\c08dc2bbbe833de7ceda56e8b8bbcc7014413a2a\spring-context-6.2.0.jar;C:\Users\ojoyu\.gradle\caches\modules-2\files-2.1\org.springframework\spring-aop\6.2.0\999012dfb56640f7babdf4f6c55b3f59c1596f3f\spring-aop-6.2.0.jar;C:\Users\ojoyu\.gradle\caches\modules-2\files-2.1\org.springframework\spring-beans\6.2.0\972694ca3c2f44d64d55429dfcc6ca2dfa9fddf\spring-beans-6.2.0.jar;C:\Users\ojoyu\.gradle\caches\modules-2\files-2.1\org.springframework\spring-expression\6.2.0\7e92dcd147157641446081db281e9437d8f4dcd\spring-expression-6.2.0.jar;C:\Users\ojoyu\.gradle\caches\modules-2\files-2.1\org.springframework\spring-core\6.2.0\b0d65768b9f99204857dc9a5548443c04ba61c79\spring-core-6.2.0.jar;C:\Users\ojoyu\.gradle\caches\modules-2\files-2.1\org.yaml\snakeyaml\2.3\936b36210e27320f920536f695cf1af210c44586\snakeyaml-2.3.jar;C:\Users\ojoyu\.gradle\caches\modules-2\files-2.1\org.thymeleaf\thymeleaf\3.1.2.RELEASE\273997509a4c7aef86cee0521750140c587d9be2\thymeleaf-3.1.2.RELEASE.jar;C:\Users\ojoyu\.gradle\caches\modules-2\files-2.1\ch.qos.logback\logback-classic\1.5.12\3790d1a62e868f7915776dfb392bd9a29ce8d954\logback-classic-1.5.12.jar;C:\Users\ojoyu\.gradle\caches\modules-2\files-2.1\org.apache.logging.log4j\log4j-to-slf4j\2.24.1\fc8228007ccbf3bcdd9c6045de2c20bd03dbcf6e\log4j-to-slf4j-2.24.1.jar;C:\Users\ojoyu\.gradle\caches\modules-2\files-2.1\org.slf4j\jul-to-slf4j\2.0.16\6d57da3e961daac65bcca0dd3def6cd11e48a24a\jul-to-slf4j-2.0.16.jar;C:\Users\ojoyu\.gradle\caches\modules-2\files-2.1\org.slf4j\slf4j-api\2.0.16\172931663a09a1fa515567af5fbef00897d3c04\slf4j-api-2.0.16.jar;C:\Users\ojoyu\.gradle\caches\modules-2\files-2.1\com.fasterxml.jackson.datatype\jackson-datatype-jsr310\2.18.1\36e49c07197395164d50df4b8ed17f5fc05430f0\jackson-datatype-jsr310-2.18.1.jar;C:\Users\ojoyu\.gradle\caches\modules-2\files-2.1\com.fasterxml.jackson.module\jackson-module-parameter-names\2.18.1\202b447a91d5466433f91690f9414dd466dcbc2b\jackson-module-parameter-names-2.18.1.jar;C:\Users\ojoyu\.gradle\caches\modules-2\files-2.1\com.fasterxml.jackson.core\jackson-annotations\2.18.1\8f9aa97e7fb44d4bea829061625472b0f6199923\jackson-annotations-2.18.1.jar;C:\Users\ojoyu\.gradle\caches\modules-2\files-2.1\com.fasterxml.jackson.core\jackson-core\2.18.1\9e2284c539e2dedd2aa1487c781e20a0f575d695\jackson-core-2.18.1.jar;C:\Users\ojoyu\.gradle\caches\modules-2\files-2.1\com.fasterxml.jackson.datatype\jackson-datatype-jdk8\2.18.1\944810b96bfe1d149ecdafb1228537610e14367a\jackson-datatype-jdk8-2.18.1.jar;C:\Users\ojoyu\.gradle\caches\modules-2\files-2.1\com.fasterxml.jackson.core\jackson-databind\2.18.1\66547d0c6c2f9e022019499308f09bebbf30ab2e\jackson-databind-2.18.1.jar;C:\Users\ojoyu\.gradle\caches\modules-2\files-2.1\org.apache.tomcat.embed\tomcat-embed-websocket\10.1.33\67feeb848bf741029ed7a0fe91bcae515e7b1c25\tomcat-embed-websocket-10.1.33.jar;C:\Users\ojoyu\.gradle\caches\modules-2\files-2.1\org.apache.tomcat.embed\tomcat-embed-core\10.1.33\d4d10b953164db057e4a803506e4552731e5a6a0\tomcat-embed-core-10.1.33.jar;C:\Users\ojoyu\.gradle\caches\modules-2\files-2.1\org.apache.tomcat.embed\tomcat-embed-el\10.1.33\6cdf9afcb8577309fae1181e0a5f2f8cff559d97\tomcat-embed-el-10.1.33.jar;C:\Users\ojoyu\.gradle\caches\modules-2\files-2.1\io.micrometer\micrometer-observation\1.14.1\db326347a09c9c18b4149aae98b38d280cafdeb9\micrometer-observation-1.14.1.jar;C:\Users\ojoyu\.gradle\caches\modules-2\files-2.1\org.springframework\spring-jcl\6.2.0\2b8e7bb1e751bf585e7db6de1d375c599e0c8cf5\spring-jcl-6.2.0.jar;C:\Users\ojoyu\.gradle\caches\modules-2\files-2.1\org.attoparser\attoparser\2.0.7.RELEASE\e5d0e988d9124139d645bb5872b24dfa23e283cc\attoparser-2.0.7.RELEASE.jar;C:\Users\ojoyu\.gradle\caches\modules-2\files-2.1\org.unbescape\unbescape\1.1.6.RELEASE\7b90360afb2b860e09e8347112800d12c12b2a13\unbescape-1.1.6.RELEASE.jar;C:\Users\ojoyu\.gradle\caches\modules-2\files-2.1\io.micrometer\micrometer-commons\1.14.1\b7cf441e6c9de70794b09086751a8ec0e311d47e\micrometer-commons-1.14.1.jar;C:\Users\ojoyu\.gradle\caches\modules-2\files-2.1\ch.qos.logback\logback-core\1.5.12\65b1fa25fe8d8e4bdc140e79eb67ac6741f775e2\logback-core-1.5.12.jar;C:\Users\ojoyu\.gradle\caches\modules-2\files-2.1\org.apache.logging.log4j\log4j-api\2.24.1\7ebeb12c20606373005af4232cd0ecca72613dda\log4j-api-2.24.1.jar;C:\Users\ojoyu\.gradle\caches\modules-2\files-2.1\org.springframework.boot\spring-boot-devtools\3.4.0\21d0e006937138605c3a7da926483f1884d8dfb0\spring-boot-devtools-3.4.0.jar
Launcher Type: SUN_STANDARD

[Global flags]
     intx CICompilerCount                          = 12                                        {product} {ergonomic}
     uint ConcGCThreads                            = 3                                         {product} {ergonomic}
     uint G1ConcRefinementThreads                  = 13                                        {product} {ergonomic}
   size_t G1HeapRegionSize                         = 1048576                                   {product} {ergonomic}
    uintx GCDrainStackTargetSize                   = 64                                        {product} {ergonomic}
   size_t InitialHeapSize                          = 125829120                                 {product} {ergonomic}
     bool ManagementServer                         = true                                      {product} {command line}
   size_t MarkStackSize                            = 4194304                                   {product} {ergonomic}
   size_t MaxHeapSize                              = 1988100096                                {product} {ergonomic}
   size_t MaxNewSize                               = 1192230912                                {product} {ergonomic}
   size_t MinHeapDeltaBytes                        = 1048576                                   {product} {ergonomic}
   size_t MinHeapSize                              = 8388608                                   {product} {ergonomic}
    uintx NonNMethodCodeHeapSize                   = 4096                                   {pd product} {ergonomic}
    uintx NonProfiledCodeHeapSize                  = 0                                      {pd product} {ergonomic}
     bool ProfileInterpreter                       = false                                  {pd product} {command line}
    uintx ProfiledCodeHeapSize                     = 0                                      {pd product} {ergonomic}
     bool ShowCodeDetailsInExceptionMessages       = true                                   {manageable} {command line}
   size_t SoftMaxHeapSize                          = 1988100096                             {manageable} {ergonomic}
     intx TieredStopAtLevel                        = 1                                         {product} {command line}
     bool UseCompressedOops                        = true                           {product lp64_product} {ergonomic}
     bool UseG1GC                                  = true                                      {product} {ergonomic}
     bool UseLargePagesIndividualAllocation        = false                                  {pd product} {ergonomic}

Logging:
Log output configuration:
 #0: stdout all=warning uptime,level,tags foldmultilines=false
 #1: stderr all=off uptime,level,tags foldmultilines=false

Environment Variables:
PATH=C:/pleiades/2024-03/java/21/bin/server;C:/pleiades/2024-03/java/21/bin;C:\Program Files\Common Files\Oracle\Java\javapath;C:\WINDOWS\system32;C:\WINDOWS;C:\WINDOWS\System32\Wbem;C:\WINDOWS\System32\WindowsPowerShell\v1.0\;C:\WINDOWS\System32\OpenSSH\;C:\Program Files\MySQL\MySQL Server 8.0\bin;C:\Program Files\Git\cmd;C:\Program Files\MySQL\MySQL Shell 8.0\bin\;C:\Users\ojoyu\AppData\Local\Microsoft\WindowsApps;;C:\Users\ojoyu\AppData\Local\Programs\Microsoft VS Code\bin;C:\pleiades\2024-03\eclipse;
USERNAME=ojoyu
OS=Windows_NT
PROCESSOR_IDENTIFIER=AMD64 Family 25 Model 80 Stepping 0, AuthenticAMD
TMP=C:\Users\ojoyu\AppData\Local\Temp
TEMP=C:\Users\ojoyu\AppData\Local\Temp




Periodic native trim disabled

---------------  S Y S T E M  ---------------

OS:
 Windows 11 , 64 bit Build 22621 (10.0.22621.4391)
OS uptime: 1 days 10:18 hours

CPU: total 16 (initial active 16) (16 cores per cpu, 2 threads per core) family 25 model 80 stepping 0 microcode 0x0, cx8, cmov, fxsr, ht, mmx, 3dnowpref, sse, sse2, sse3, ssse3, sse4a, sse4.1, sse4.2, popcnt, lzcnt, tsc, tscinvbit, avx, avx2, aes, erms, clmul, bmi1, bmi2, adx, sha, fma, vzeroupper, clflush, clflushopt, rdtscp, rdpid, fsrm, f16c, pku, cet_ss
Processor Information for processor 0
  Max Mhz: 3301, Current Mhz: 1805, Mhz Limit: 3301
Processor Information for processor 1
  Max Mhz: 3301, Current Mhz: 1805, Mhz Limit: 3301
Processor Information for processor 2
  Max Mhz: 3301, Current Mhz: 1805, Mhz Limit: 3301
Processor Information for processor 3
  Max Mhz: 3301, Current Mhz: 1805, Mhz Limit: 3301
Processor Information for processor 4
  Max Mhz: 3301, Current Mhz: 1805, Mhz Limit: 3301
Processor Information for processor 5
  Max Mhz: 3301, Current Mhz: 1805, Mhz Limit: 3301
Processor Information for processor 6
  Max Mhz: 3301, Current Mhz: 1805, Mhz Limit: 3301
Processor Information for processor 7
  Max Mhz: 3301, Current Mhz: 1805, Mhz Limit: 3301
Processor Information for processor 8
  Max Mhz: 3301, Current Mhz: 1805, Mhz Limit: 3301
Processor Information for processor 9
  Max Mhz: 3301, Current Mhz: 1805, Mhz Limit: 3301
Processor Information for processor 10
  Max Mhz: 3301, Current Mhz: 1805, Mhz Limit: 3301
Processor Information for processor 11
  Max Mhz: 3301, Current Mhz: 1805, Mhz Limit: 3301
Processor Information for processor 12
  Max Mhz: 3301, Current Mhz: 1918, Mhz Limit: 3301
Processor Information for processor 13
  Max Mhz: 3301, Current Mhz: 1918, Mhz Limit: 3301
Processor Information for processor 14
  Max Mhz: 3301, Current Mhz: 1805, Mhz Limit: 3301
Processor Information for processor 15
  Max Mhz: 3301, Current Mhz: 1805, Mhz Limit: 3301

Memory: 4k page, system-wide physical 7583M (1020M free)
TotalPageFile size 18535M (AvailPageFile size 3100M)
current process WorkingSet (physical memory assigned to process): 149M, peak: 153M
current process commit charge ("private bytes"): 198M, peak: 248M

vm_info: OpenJDK 64-Bit Server VM (21.0.2+13-LTS) for windows-amd64 JRE (21.0.2+13-LTS), built on 2024-01-16T00:00:00Z by "admin" with unknown MS VC++:1937

END.
