#
# A fatal error has been detected by the Java Runtime Environment:
#
#  EXCEPTION_ACCESS_VIOLATION (0xc0000005) at pc=0x0000021391de102c, pid=14400, tid=11516
#
# JRE version: OpenJDK Runtime Environment Temurin-21.0.2+13 (21.0.2+13) (build 21.0.2+13-LTS)
# Java VM: OpenJDK 64-Bit Server VM Temurin-21.0.2+13 (21.0.2+13-LTS, mixed mode, emulated-client, sharing, tiered, compressed oops, compressed class ptrs, g1 gc, windows-amd64)
# Problematic frame:
# v  ~BufferBlob::MethodHandles adapters 0x0000021391de102c
#
# No core dump will be written. Minidumps are not enabled by default on client versions of Windows
#
# If you would like to submit a bug report, please visit:
#   https://github.com/adoptium/adoptium-support/issues
#

---------------  S U M M A R Y ------------

Command Line: -XX:+ShowCodeDetailsInExceptionMessages -agentlib:jdwp=transport=dt_socket,suspend=y,address=localhost:57121 -Dcom.sun.management.jmxremote -Dcom.sun.management.jmxremote.port=57120 -Dcom.sun.management.jmxremote.authenticate=false -Dcom.sun.management.jmxremote.ssl=false -Djava.rmi.server.hostname=localhost -Dspring.jmx.enabled=true -Dmanagement.endpoints.jmx.exposure.include=* -Dspring.application.admin.enabled=true -XX:TieredStopAtLevel=1 -Dspring.boot.project.name=Java_development -javaagent:C:\pleiades\2024-03\eclipse\configuration\org.eclipse.osgi\251\0\.cp\lib\javaagent-shaded.jar -Dfile.encoding=UTF-8 -Dstdout.encoding=UTF-8 -Dstderr.encoding=UTF-8 com.example.demo.JavaDevelopmentApplication --spring.output.ansi.enabled=always

Host: AMD Ryzen 9 5900HX with Radeon Graphics        , 16 cores, 7G,  Windows 11 , 64 bit Build 26100 (10.0.26100.3323)
Time: Mon Mar 24 20:39:17 2025  Windows 11 , 64 bit Build 26100 (10.0.26100.3323) elapsed time: 265.493281 seconds (0d 0h 4m 25s)

---------------  T H R E A D  ---------------

Current thread (0x00000213e1886750):  JavaThread "restartedMain"        [_thread_in_Java, id=11516, stack(0x0000004c54400000,0x0000004c54500000) (1024K)]

Stack: [0x0000004c54400000,0x0000004c54500000],  sp=0x0000004c544fe198,  free space=1016k
Native frames: (J=compiled Java code, j=interpreted, Vv=VM code, C=native code)
C  0x0000021391de102c

The last pc belongs to _linkToSpecial (printed below).

siginfo: EXCEPTION_ACCESS_VIOLATION (0xc0000005), reading address 0xffffffffffffffff


Registers:
RAX=0x0000021391db9086, RBX=0x8bc9014000000001, RCX=0x0000004c544fe1a0, RDX=0x0000000000000002
RSP=0x0000004c544fe198, RBP=0x0000004c544fe1e8, RSI=0x000002139b39e008, RDI=0x00000213e2b0e9b0
R8 =0x0000000000000004, R9 =0x0000000000000004, R10=0x00007ffd49bc2ab0, R11=0x000002139c0b6430
R12=0x0000000000000000, R13=0x0000004c544fe198, R14=0x0000004c544fe208, R15=0x00000213e1886750
RIP=0x0000021391de102c, EFLAGS=0x0000000000010202


Register to memory mapping:

RAX=0x0000021391db9086 is at code_begin+3078 in an Interpreter codelet
return entry points  [0x0000021391db8480, 0x0000021391dba298]  7704 bytes
RBX=0x8bc9014000000001 is an unknown value
RCX=0x0000004c544fe1a0 is pointing into the stack for thread: 0x00000213e1886750
RDX=0x0000000000000002 is an unknown value
RSP=0x0000004c544fe198 is pointing into the stack for thread: 0x00000213e1886750
RBP=0x0000004c544fe1e8 is pointing into the stack for thread: 0x00000213e1886750
RSI=0x000002139b39e008 points into unknown readable memory: 0x88001500df6a67be | be 67 6a df 00 15 00 88
RDI=0x00000213e2b0e9b0 points into unknown readable memory: 0x0000001800000070 | 70 00 00 00 18 00 00 00
R8 =0x0000000000000004 is an unknown value
R9 =0x0000000000000004 is an unknown value
R10=0x00007ffd49bc2ab0 jvm.dll
R11={method} {0x000002139c0b6438} 'newInvokeSpecial' '(Ljava/lang/Object;)Ljava/lang/Object;' in 'java/lang/invoke/DirectMethodHandle$Holder'
R12=0x0 is null
R13=0x0000004c544fe198 is pointing into the stack for thread: 0x00000213e1886750
R14=0x0000004c544fe208 is pointing into the stack for thread: 0x00000213e1886750
R15=0x00000213e1886750 is a thread

Top of Stack: (sp=0x0000004c544fe198)
0x0000004c544fe198:   0000021391db9086 0000004c544fe1a0
0x0000004c544fe1a8:   000002139c72d03f 0000000000000004
0x0000004c544fe1b8:   000002139c0b18e8 000000008ccff8a0
0x0000004c544fe1c8:   000000008a425258 000002139c0b6430
0x0000004c544fe1d8:   0000004c544fe198 0000004c544fe210
0x0000004c544fe1e8:   0000004c544fe580 00000213921d8903
0x0000004c544fe1f8:   000000008bc90048 000000008bc900f0
0x0000004c544fe208:   000000008bc900a8 000000008bc66ec0
0x0000004c544fe218:   00007ffd99f72bb0 0000004c544fe580
0x0000004c544fe228:   000002139276997c 0000000000000000
0x0000004c544fe238:   00007ffd494a4f61 000002139b396070
0x0000004c544fe248:   0000004c544fb9b0 00000213e2aab701
0x0000004c544fe258:   00000213e1181a70 000002139b396070
0x0000004c544fe268:   00007ffd4948512e 00000213e1886750
0x0000004c544fe278:   000002139b396070 0000000000000000
0x0000004c544fe288:   000000008a416aa0 000000008ccff8a0
0x0000004c544fe298:   000000008bc66d88 000000008bc66d88
0x0000004c544fe2a8:   000000008bc66ec0 000000008bc900d8
0x0000004c544fe2b8:   000000008bc66f18 000000008ccff8a0
0x0000004c544fe2c8:   0000000000000001 0000004c544fe580
0x0000004c544fe2d8:   0000021300000000 0000000000000000
0x0000004c544fe2e8:   0000000000000000 000000008bc900a8
0x0000004c544fe2f8:   00000213921d63dc 0000000000000000
0x0000004c544fe308:   0000000000000000 0000000000000000
0x0000004c544fe318:   00000213e131de00 00000213e1886750
0x0000004c544fe328:   0000000000000000 000000008bc66ec0
0x0000004c544fe338:   0000000000000000 000000008bc66d88
0x0000004c544fe348:   000000008bc900d8 000000008bc66ec0
0x0000004c544fe358:   0000000000000000 000000008bc66e00
0x0000004c544fe368:   00000213921d7e34 0000004c544fe580
0x0000004c544fe378:   00000213921d496a 0000000000000000
0x0000004c544fe388:   0000021392154e29 00000213e1886750 

Instructions: (pc=0x0000021391de102c)
0x0000021391de0f2c:   8b 59 14 8b 5b 28 8b 5b 24 48 8b 5b 10 48 85 db
0x0000021391de0f3c:   0f 84 10 00 00 00 41 80 bf e0 05 00 00 00 74 03
0x0000021391de0f4c:   ff 63 38 ff 63 50 e9 a9 16 00 00 66 0f 1f 84 00
0x0000021391de0f5c:   00 00 00 00 48 8b 53 08 0f b7 52 2e 48 8b 0c d4
0x0000021391de0f6c:   58 5b 50 44 8b 51 08 49 bb 00 00 00 9c 13 02 00
0x0000021391de0f7c:   00 4d 03 d3 4c 8b 5b 10 4b 8b 9c da c8 01 00 00
0x0000021391de0f8c:   48 85 db 0f 84 10 00 00 00 41 80 bf e0 05 00 00
0x0000021391de0f9c:   00 74 03 ff 63 38 ff 63 50 e9 56 16 00 00 66 66
0x0000021391de0fac:   66 0f 1f 84 00 00 00 00 00 66 66 66 0f 1f 84 00
0x0000021391de0fbc:   00 00 00 00 58 5b 50 8b 5b 24 48 8b 5b 10 48 85
0x0000021391de0fcc:   db 0f 84 10 00 00 00 41 80 bf e0 05 00 00 00 74
0x0000021391de0fdc:   03 ff 63 38 ff 63 50 e9 18 16 00 00 66 66 66 0f
0x0000021391de0fec:   1f 84 00 00 00 00 00 0f 1f 80 00 00 00 00 66 0f
0x0000021391de0ffc:   1f 44 00 00 48 8b 53 08 0f b7 52 2e 48 8b 0c d4
0x0000021391de100c:   58 5b 50 48 3b 01 8b 5b 24 48 8b 5b 10 48 85 db
0x0000021391de101c:   0f 84 10 00 00 00 41 80 bf e0 05 00 00 00 74 03
0x0000021391de102c:   ff 63 38 ff 63 50 e9 c9 15 00 00 66 0f 1f 84 00
0x0000021391de103c:   00 00 00 00 48 8b 53 08 0f b7 52 2e 48 8b 0c d4
0x0000021391de104c:   58 5b 50 44 8b 51 08 49 bb 00 00 00 9c 13 02 00
0x0000021391de105c:   00 4d 03 d3 8b 43 18 48 8b 40 10 48 8b 5b 10 45
0x0000021391de106c:   8b 9a a0 00 00 00 4f 8d 9c da c8 01 00 00 4d 8d
0x0000021391de107c:   14 da 49 8b 1b 48 3b c3 74 15 48 85 db 0f 84 32
0x0000021391de108c:   00 00 00 49 83 c3 10 49 8b 1b 48 3b c3 75 eb 45
0x0000021391de109c:   8b 5b 08 4b 8b 1c 1a 48 85 db 0f 84 10 00 00 00
0x0000021391de10ac:   41 80 bf e0 05 00 00 00 74 03 ff 63 38 ff 63 50
0x0000021391de10bc:   e9 3f 15 00 00 e9 3a 12 00 00 f4 00 00 00 00 00
0x0000021391de10cc:   00 00 00 00 00 00 00 00 00 00 00 00 00 00 00 00
0x0000021391de10dc:   00 00 00 00 00 00 00 00 00 00 00 00 00 00 00 00
0x0000021391de10ec:   00 00 00 00 00 00 00 00 00 00 00 00 00 00 00 00
0x0000021391de10fc:   00 00 00 00 00 00 00 00 00 00 00 00 00 00 00 00
0x0000021391de110c:   00 00 00 00 00 00 00 00 00 00 00 00 00 00 00 00
0x0000021391de111c:   00 00 00 00 00 00 00 00 00 00 00 00 00 00 00 00 


Stack slot to memory mapping:

stack at sp + 0 slots: 0x0000021391db9086 is at code_begin+3078 in an Interpreter codelet
return entry points  [0x0000021391db8480, 0x0000021391dba298]  7704 bytes
stack at sp + 1 slots: 0x0000004c544fe1a0 is pointing into the stack for thread: 0x00000213e1886750
stack at sp + 2 slots: 0x000002139c72d03f is pointing into metadata
stack at sp + 3 slots: 0x0000000000000004 is an unknown value
stack at sp + 4 slots: 0x000002139c0b18e8 is pointing into metadata
stack at sp + 5 slots: 0x000000008ccff8a0 is an oop: java.lang.Class 
{0x000000008ccff8a0} - klass: 'java/lang/Class'
 - ---- fields (total size 14 words):
 - private volatile transient 'classRedefinedCount' 'I' @12  1 (0x00000001)
 - injected 'klass' 'J' @16  2283266398720 (0x000002139d485a00)
 - injected 'array_klass' 'J' @24  0 (0x0000000000000000)
 - injected 'oop_size' 'I' @32  14 (0x0000000e)
 - injected 'static_oop_field_count' 'I' @36  0 (0x00000000)
 - private volatile transient 'cachedConstructor' 'Ljava/lang/reflect/Constructor;' @40  null (0x00000000)
 - private transient 'name' 'Ljava/lang/String;' @44  "com.example.demo.MyController"{0x0000000089d32788} (0x89d32788)
 - private transient 'module' 'Ljava/lang/Module;' @48  a 'java/lang/Module'{0x000000008d300ef8} (0x8d300ef8)
 - private final 'classLoader' 'Ljava/lang/ClassLoader;' @52  a 'org/springframework/boot/devtools/restart/classloader/RestartClassLoader'{0x000000008d300d68} (0x8d300d68)
 - private transient 'classData' 'Ljava/lang/Object;' @56  null (0x00000000)
 - private transient 'packageName' 'Ljava/lang/String;' @60  "com.example.demo"{0x0000000089fc0608} (0x89fc0608)
 - private final 'componentType' 'Ljava/lang/Class;' @64  null (0x00000000)
 - private volatile transient 'reflectionData' 'Ljava/lang/ref/SoftReference;' @68  a 'java/lang/ref/SoftReference'{0x000000008bc62e08} (0x8bc62e08)
 - private volatile transient 'genericInfo' 'Lsun/reflect/generics/repository/ClassRepository;' @72  null (0x00000000)
 - private volatile transient 'enumConstants' '[Ljava/lang/Object;' @76  null (0x00000000)
 - private volatile transient 'enumConstantDirectory' 'Ljava/util/Map;' @80  null (0x00000000)
 - private volatile transient 'annotationData' 'Ljava/lang/Class$AnnotationData;' @84  null (0x00000000)
 - private volatile transient 'annotationType' 'Lsun/reflect/annotation/AnnotationType;' @88  null (0x00000000)
 - transient 'classValueMap' 'Ljava/lang/ClassValue$ClassValueMap;' @92  null (0x00000000)
 - injected 'protection_domain' 'Ljava/lang/Object;' @96  a 'java/security/ProtectionDomain'{0x000000008d30ea00} (0x8d30ea00)
 - injected 'signers_name' 'Ljava/lang/Object;' @100  null (0x00000000)
 - injected 'source_file' 'Ljava/lang/Object;' @104  null (0x00000000)
 - signature: Lcom/example/demo/MyController;
 - ---- static fields (0):
stack at sp + 6 slots: 0x000000008a425258 is an oop: java.lang.Class 
{0x000000008a425258} - klass: 'java/lang/Class'
 - ---- fields (total size 14 words):
 - private volatile transient 'classRedefinedCount' 'I' @12  0 (0x00000000)
 - injected 'klass' 'J' @16  2283245606072 (0x000002139c0b14b8)
 - injected 'array_klass' 'J' @24  0 (0x0000000000000000)
 - injected 'oop_size' 'I' @32  14 (0x0000000e)
 - injected 'static_oop_field_count' 'I' @36  0 (0x00000000)
 - private volatile transient 'cachedConstructor' 'Ljava/lang/reflect/Constructor;' @40  null (0x00000000)
 - private transient 'name' 'Ljava/lang/String;' @44  null (0x00000000)
 - private transient 'module' 'Ljava/lang/Module;' @48  a 'java/lang/Module'{0x000000008a418220} (0x8a418220)
 - private final 'classLoader' 'Ljava/lang/ClassLoader;' @52  null (0x00000000)
 - private transient 'classData' 'Ljava/lang/Object;' @56  null (0x00000000)
 - private transient 'packageName' 'Ljava/lang/String;' @60  null (0x00000000)
 - private final 'componentType' 'Ljava/lang/Class;' @64  null (0x00000000)
 - private volatile transient 'reflectionData' 'Ljava/lang/ref/SoftReference;' @68  null (0x00000000)
 - private volatile transient 'genericInfo' 'Lsun/reflect/generics/repository/ClassRepository;' @72  null (0x00000000)
 - private volatile transient 'enumConstants' '[Ljava/lang/Object;' @76  null (0x00000000)
 - private volatile transient 'enumConstantDirectory' 'Ljava/util/Map;' @80  null (0x00000000)
 - private volatile transient 'annotationData' 'Ljava/lang/Class$AnnotationData;' @84  null (0x00000000)
 - private volatile transient 'annotationType' 'Lsun/reflect/annotation/AnnotationType;' @88  null (0x00000000)
 - transient 'classValueMap' 'Ljava/lang/ClassValue$ClassValueMap;' @92  null (0x00000000)
 - injected 'protection_domain' 'Ljava/lang/Object;' @96  null (0x00000000)
 - injected 'signers_name' 'Ljava/lang/Object;' @100  null (0x00000000)
 - injected 'source_file' 'Ljava/lang/Object;' @104  null (0x00000000)
 - signature: Ljava/lang/invoke/DirectMethodHandle$Holder;
 - ---- static fields (0):
stack at sp + 7 slots: {method} {0x000002139c0b6438} 'newInvokeSpecial' '(Ljava/lang/Object;)Ljava/lang/Object;' in 'java/lang/invoke/DirectMethodHandle$Holder'

MethodHandle::interpreter_entry::_linkToSpecial [0x0000021391de0fe8, 0x0000021391de1037] (79 bytes)
[MachCode]
  0x0000021391de0fe8: 6666 660f | 1f84 0000 | 0000 000f | 1f80 0000 | 0000 660f | 1f44 0000 | 488b 5308 | 0fb7 522e 
  0x0000021391de1008: 488b 0cd4 | 585b 5048 | 3b01 8b5b | 2448 8b5b | 1048 85db | 0f84 1000 | 0000 4180 | bfe0 0500 
  0x0000021391de1028: 0000 7403 | ff63 38ff | 6350 e9c9 | 
[/MachCode]

---------------  P R O C E S S  ---------------

Threads class SMR info:
_java_thread_list=0x00000213e1ee4ba0, length=25, elements={
0x000002139b124390, 0x000002139b125b10, 0x000002139b129c40, 0x000002139b12a6a0,
0x000002139b12dc80, 0x000002139b133190, 0x000002139b13e5f0, 0x000002139b2e9400,
0x000002139b397110, 0x000002139b3a08d0, 0x000002139b3a1770, 0x000002139b2e5f80,
0x000002139b2e8d70, 0x000002139b2e6610, 0x000002139b2e6ca0, 0x000002139b2e79c0,
0x000002139b2e8050, 0x000002139b2e86e0, 0x00000213e1888190, 0x00000213e1886de0,
0x00000213e1887470, 0x00000213e1886750, 0x00000213e1885a30, 0x00000213e18853a0,
0x00000213e18860c0
}

Java Threads: ( => current thread )
  0x000002139b124390 JavaThread "Reference Handler"          daemon [_thread_blocked, id=3060, stack(0x0000004c54e00000,0x0000004c54f00000) (1024K)]
  0x000002139b125b10 JavaThread "Finalizer"                  daemon [_thread_blocked, id=21892, stack(0x0000004c54f00000,0x0000004c55000000) (1024K)]
  0x000002139b129c40 JavaThread "Signal Dispatcher"          daemon [_thread_blocked, id=2640, stack(0x0000004c55000000,0x0000004c55100000) (1024K)]
  0x000002139b12a6a0 JavaThread "Attach Listener"            daemon [_thread_blocked, id=7152, stack(0x0000004c55100000,0x0000004c55200000) (1024K)]
  0x000002139b12dc80 JavaThread "Service Thread"             daemon [_thread_blocked, id=3208, stack(0x0000004c55200000,0x0000004c55300000) (1024K)]
  0x000002139b133190 JavaThread "Monitor Deflation Thread"   daemon [_thread_blocked, id=23760, stack(0x0000004c55300000,0x0000004c55400000) (1024K)]
  0x000002139b13e5f0 JavaThread "C1 CompilerThread0"         daemon [_thread_blocked, id=17832, stack(0x0000004c55400000,0x0000004c55500000) (1024K)]
  0x000002139b2e9400 JavaThread "Common-Cleaner"             daemon [_thread_blocked, id=11908, stack(0x0000004c55500000,0x0000004c55600000) (1024K)]
  0x000002139b397110 JavaThread "JDWP Transport Listener: dt_socket" daemon [_thread_blocked, id=2772, stack(0x0000004c55900000,0x0000004c55a00000) (1024K)]
  0x000002139b3a08d0 JavaThread "JDWP Event Helper Thread"   daemon [_thread_blocked, id=23136, stack(0x0000004c55a00000,0x0000004c55b00000) (1024K)]
  0x000002139b3a1770 JavaThread "JDWP Command Reader"        daemon [_thread_in_native, id=13852, stack(0x0000004c55b00000,0x0000004c55c00000) (1024K)]
  0x000002139b2e5f80 JavaThread "Notification Thread"        daemon [_thread_blocked, id=24028, stack(0x0000004c55c00000,0x0000004c55d00000) (1024K)]
  0x000002139b2e8d70 JavaThread "RMI TCP Accept-0"           daemon [_thread_in_native, id=11404, stack(0x0000004c55d00000,0x0000004c55e00000) (1024K)]
  0x000002139b2e6610 JavaThread "RMI TCP Accept-57120"       daemon [_thread_in_native, id=17784, stack(0x0000004c55e00000,0x0000004c55f00000) (1024K)]
  0x000002139b2e6ca0 JavaThread "RMI TCP Accept-0"           daemon [_thread_in_native, id=17340, stack(0x0000004c55f00000,0x0000004c56000000) (1024K)]
  0x000002139b2e79c0 JavaThread "RMI Scheduler(0)"           daemon [_thread_blocked, id=23912, stack(0x0000004c56d00000,0x0000004c56e00000) (1024K)]
  0x000002139b2e8050 JavaThread "RMI TCP Connection(idle)"   daemon [_thread_blocked, id=22000, stack(0x0000004c56e00000,0x0000004c56f00000) (1024K)]
  0x000002139b2e86e0 JavaThread "JMX server connection timeout 51" daemon [_thread_blocked, id=18404, stack(0x0000004c56f00000,0x0000004c57000000) (1024K)]
  0x00000213e1888190 JavaThread "Live Reload Server"         daemon [_thread_in_native, id=6872, stack(0x0000004c57900000,0x0000004c57a00000) (1024K)]
  0x00000213e1886de0 JavaThread "DestroyJavaVM"                     [_thread_blocked, id=24408, stack(0x0000004c54600000,0x0000004c54700000) (1024K)]
  0x00000213e1887470 JavaThread "Thread-5"                          [_thread_blocked, id=10552, stack(0x0000004c54300000,0x0000004c54400000) (1024K)]
=>0x00000213e1886750 JavaThread "restartedMain"                     [_thread_in_Java, id=11516, stack(0x0000004c54400000,0x0000004c54500000) (1024K)]
  0x00000213e1885a30 JavaThread "Catalina-utility-1"                [_thread_blocked, id=1452, stack(0x0000004c55700000,0x0000004c55800000) (1024K)]
  0x00000213e18853a0 JavaThread "Catalina-utility-2"                [_thread_blocked, id=18500, stack(0x0000004c55800000,0x0000004c55900000) (1024K)]
  0x00000213e18860c0 JavaThread "container-0"                       [_thread_blocked, id=20404, stack(0x0000004c56c00000,0x0000004c56d00000) (1024K)]
Total: 25

Other Threads:
  0x000002139b1048c0 VMThread "VM Thread"                           [id=22204, stack(0x0000004c54d00000,0x0000004c54e00000) (1024K)]
  0x000002139b0eaa70 WatcherThread "VM Periodic Task Thread"        [id=23704, stack(0x0000004c54c00000,0x0000004c54d00000) (1024K)]
  0x00000213896bdaa0 WorkerThread "GC Thread#0"                     [id=22060, stack(0x0000004c54700000,0x0000004c54800000) (1024K)]
  0x0000021389668690 WorkerThread "GC Thread#1"                     [id=20248, stack(0x0000004c56000000,0x0000004c56100000) (1024K)]
  0x00000213e1392bb0 WorkerThread "GC Thread#2"                     [id=21632, stack(0x0000004c56100000,0x0000004c56200000) (1024K)]
  0x00000213e1392f50 WorkerThread "GC Thread#3"                     [id=9024, stack(0x0000004c56200000,0x0000004c56300000) (1024K)]
  0x00000213e1394320 WorkerThread "GC Thread#4"                     [id=22016, stack(0x0000004c56300000,0x0000004c56400000) (1024K)]
  0x00000213e139cce0 WorkerThread "GC Thread#5"                     [id=3948, stack(0x0000004c56400000,0x0000004c56500000) (1024K)]
  0x00000213e139daa0 WorkerThread "GC Thread#6"                     [id=12444, stack(0x0000004c56500000,0x0000004c56600000) (1024K)]
  0x00000213e139ea60 WorkerThread "GC Thread#7"                     [id=9144, stack(0x0000004c56600000,0x0000004c56700000) (1024K)]
  0x00000213e139fe30 WorkerThread "GC Thread#8"                     [id=1464, stack(0x0000004c56700000,0x0000004c56800000) (1024K)]
  0x00000213e13a0220 WorkerThread "GC Thread#9"                     [id=23520, stack(0x0000004c56800000,0x0000004c56900000) (1024K)]
  0x00000213e13a1b80 WorkerThread "GC Thread#10"                    [id=5768, stack(0x0000004c56900000,0x0000004c56a00000) (1024K)]
  0x00000213e13a0d00 WorkerThread "GC Thread#11"                    [id=15692, stack(0x0000004c56a00000,0x0000004c56b00000) (1024K)]
  0x00000213e13a10a0 WorkerThread "GC Thread#12"                    [id=24340, stack(0x0000004c56b00000,0x0000004c56c00000) (1024K)]
  0x00000213896cfcc0 ConcurrentGCThread "G1 Main Marker"            [id=21040, stack(0x0000004c54800000,0x0000004c54900000) (1024K)]
  0x00000213896d06d0 WorkerThread "G1 Conc#0"                       [id=3472, stack(0x0000004c54900000,0x0000004c54a00000) (1024K)]
  0x00000213e13a1440 WorkerThread "G1 Conc#1"                       [id=6708, stack(0x0000004c57400000,0x0000004c57500000) (1024K)]
  0x00000213e13a0960 WorkerThread "G1 Conc#2"                       [id=1512, stack(0x0000004c57500000,0x0000004c57600000) (1024K)]
  0x000002138971e5e0 ConcurrentGCThread "G1 Refine#0"               [id=18832, stack(0x0000004c54a00000,0x0000004c54b00000) (1024K)]
  0x000002139afbc300 ConcurrentGCThread "G1 Service"                [id=14220, stack(0x0000004c54b00000,0x0000004c54c00000) (1024K)]
Total: 21

Threads with active compile tasks:
Total: 0

VM state: not at safepoint (normal execution)

VM Mutex/Monitor currently owned by a thread: None

Heap address: 0x0000000089800000, size: 1896 MB, Compressed Oops mode: 32-bit

CDS archive(s) mapped at: [0x000002139c000000-0x000002139cc90000-0x000002139cc90000), size 13172736, SharedBaseAddress: 0x000002139c000000, ArchiveRelocationMode: 1.
Compressed class space mapped at: 0x000002139d000000-0x00000213dd000000, reserved size: 1073741824
Narrow klass base: 0x000002139c000000, Narrow klass shift: 0, Narrow klass range: 0x100000000

GC Precious Log:
 CardTable entry size: 512
 Card Set container configuration: InlinePtr #cards 5 size 8 Array Of Cards #cards 12 size 40 Howl #buckets 4 coarsen threshold 1843 Howl Bitmap #cards 512 size 80 coarsen threshold 460 Card regions per heap region 1 cards per card region 2048
 CPUs: 16 total, 16 available
 Memory: 7583M
 Large Page Support: Disabled
 NUMA Support: Disabled
 Compressed Oops: Enabled (32-bit)
 Heap Region Size: 1M
 Heap Min Capacity: 8M
 Heap Initial Capacity: 120M
 Heap Max Capacity: 1896M
 Pre-touch: Disabled
 Parallel Workers: 13
 Concurrent Workers: 3
 Concurrent Refinement Workers: 13
 Periodic GC: Disabled

Heap:
 garbage-first heap   total 61440K, used 38203K [0x0000000089800000, 0x0000000100000000)
  region size 1024K, 24 young (24576K), 0 survivors (0K)
 Metaspace       used 36425K, committed 37312K, reserved 1114112K
  class space    used 4797K, committed 5120K, reserved 1048576K

Heap Regions: E=young(eden), S=young(survivor), O=old, HS=humongous(starts), HC=humongous(continues), CS=collection set, F=free, TAMS=top-at-mark-start, PB=parsable bottom
|   0|0x0000000089800000, 0x00000000898fff98, 0x0000000089900000| 99%| O|  |TAMS 0x0000000089800000| PB 0x0000000089800000| Untracked 
|   1|0x0000000089900000, 0x0000000089a00000, 0x0000000089a00000|100%| O|  |TAMS 0x0000000089900000| PB 0x0000000089900000| Untracked 
|   2|0x0000000089a00000, 0x0000000089affff0, 0x0000000089b00000| 99%| O|  |TAMS 0x0000000089a00000| PB 0x0000000089a00000| Untracked 
|   3|0x0000000089b00000, 0x0000000089c00000, 0x0000000089c00000|100%| O|  |TAMS 0x0000000089b00000| PB 0x0000000089b00000| Untracked 
|   4|0x0000000089c00000, 0x0000000089d00000, 0x0000000089d00000|100%| O|  |TAMS 0x0000000089c00000| PB 0x0000000089c00000| Untracked 
|   5|0x0000000089d00000, 0x0000000089dfffc8, 0x0000000089e00000| 99%| O|  |TAMS 0x0000000089d00000| PB 0x0000000089d00000| Untracked 
|   6|0x0000000089e00000, 0x0000000089efa280, 0x0000000089f00000| 97%| O|  |TAMS 0x0000000089e00000| PB 0x0000000089e00000| Untracked 
|   7|0x0000000089f00000, 0x0000000089fffff8, 0x000000008a000000| 99%| O|  |TAMS 0x0000000089f00000| PB 0x0000000089f00000| Untracked 
|   8|0x000000008a000000, 0x000000008a0ffff0, 0x000000008a100000| 99%| O|  |TAMS 0x000000008a000000| PB 0x000000008a000000| Untracked 
|   9|0x000000008a100000, 0x000000008a200000, 0x000000008a200000|100%| O|  |TAMS 0x000000008a100000| PB 0x000000008a100000| Untracked 
|  10|0x000000008a200000, 0x000000008a2ffff8, 0x000000008a300000| 99%| O|  |TAMS 0x000000008a200000| PB 0x000000008a200000| Untracked 
|  11|0x000000008a300000, 0x000000008a3ffff0, 0x000000008a400000| 99%| O|  |TAMS 0x000000008a300000| PB 0x000000008a300000| Untracked 
|  12|0x000000008a400000, 0x000000008a493e50, 0x000000008a500000| 57%| O|  |TAMS 0x000000008a400000| PB 0x000000008a400000| Untracked 
|  13|0x000000008a500000, 0x000000008a58c878, 0x000000008a600000| 54%| O|  |TAMS 0x000000008a500000| PB 0x000000008a500000| Untracked 
|  14|0x000000008a600000, 0x000000008a628100, 0x000000008a700000| 15%| O|  |TAMS 0x000000008a600000| PB 0x000000008a600000| Untracked 
|  15|0x000000008a700000, 0x000000008a7663c8, 0x000000008a800000| 39%| O|  |TAMS 0x000000008a700000| PB 0x000000008a700000| Untracked 
|  16|0x000000008a800000, 0x000000008a87a398, 0x000000008a900000| 47%| O|  |TAMS 0x000000008a800000| PB 0x000000008a800000| Untracked 
|  17|0x000000008a900000, 0x000000008a92bc00, 0x000000008aa00000| 17%| O|  |TAMS 0x000000008a900000| PB 0x000000008a900000| Untracked 
|  18|0x000000008aa00000, 0x000000008aa00000, 0x000000008ab00000|  0%| F|  |TAMS 0x000000008aa00000| PB 0x000000008aa00000| Untracked 
|  19|0x000000008ab00000, 0x000000008ab00000, 0x000000008ac00000|  0%| F|  |TAMS 0x000000008ab00000| PB 0x000000008ab00000| Untracked 
|  20|0x000000008ac00000, 0x000000008ac00000, 0x000000008ad00000|  0%| F|  |TAMS 0x000000008ac00000| PB 0x000000008ac00000| Untracked 
|  21|0x000000008ad00000, 0x000000008ad00000, 0x000000008ae00000|  0%| F|  |TAMS 0x000000008ad00000| PB 0x000000008ad00000| Untracked 
|  22|0x000000008ae00000, 0x000000008ae00000, 0x000000008af00000|  0%| F|  |TAMS 0x000000008ae00000| PB 0x000000008ae00000| Untracked 
|  23|0x000000008af00000, 0x000000008af00000, 0x000000008b000000|  0%| F|  |TAMS 0x000000008af00000| PB 0x000000008af00000| Untracked 
|  24|0x000000008b000000, 0x000000008b000000, 0x000000008b100000|  0%| F|  |TAMS 0x000000008b000000| PB 0x000000008b000000| Untracked 
|  25|0x000000008b100000, 0x000000008b100000, 0x000000008b200000|  0%| F|  |TAMS 0x000000008b100000| PB 0x000000008b100000| Untracked 
|  26|0x000000008b200000, 0x000000008b200000, 0x000000008b300000|  0%| F|  |TAMS 0x000000008b200000| PB 0x000000008b200000| Untracked 
|  27|0x000000008b300000, 0x000000008b300000, 0x000000008b400000|  0%| F|  |TAMS 0x000000008b300000| PB 0x000000008b300000| Untracked 
|  28|0x000000008b400000, 0x000000008b400000, 0x000000008b500000|  0%| F|  |TAMS 0x000000008b400000| PB 0x000000008b400000| Untracked 
|  29|0x000000008b500000, 0x000000008b500000, 0x000000008b600000|  0%| F|  |TAMS 0x000000008b500000| PB 0x000000008b500000| Untracked 
|  30|0x000000008b600000, 0x000000008b600000, 0x000000008b700000|  0%| F|  |TAMS 0x000000008b600000| PB 0x000000008b600000| Untracked 
|  31|0x000000008b700000, 0x000000008b700000, 0x000000008b800000|  0%| F|  |TAMS 0x000000008b700000| PB 0x000000008b700000| Untracked 
|  32|0x000000008b800000, 0x000000008b800000, 0x000000008b900000|  0%| F|  |TAMS 0x000000008b800000| PB 0x000000008b800000| Untracked 
|  33|0x000000008b900000, 0x000000008b900000, 0x000000008ba00000|  0%| F|  |TAMS 0x000000008b900000| PB 0x000000008b900000| Untracked 
|  34|0x000000008ba00000, 0x000000008ba00000, 0x000000008bb00000|  0%| F|  |TAMS 0x000000008ba00000| PB 0x000000008ba00000| Untracked 
|  35|0x000000008bb00000, 0x000000008bb00000, 0x000000008bc00000|  0%| F|  |TAMS 0x000000008bb00000| PB 0x000000008bb00000| Untracked 
|  36|0x000000008bc00000, 0x000000008bceb070, 0x000000008bd00000| 91%| E|  |TAMS 0x000000008bc00000| PB 0x000000008bc00000| Complete 
|  37|0x000000008bd00000, 0x000000008be00000, 0x000000008be00000|100%| E|CS|TAMS 0x000000008bd00000| PB 0x000000008bd00000| Complete 
|  38|0x000000008be00000, 0x000000008bf00000, 0x000000008bf00000|100%| E|CS|TAMS 0x000000008be00000| PB 0x000000008be00000| Complete 
|  39|0x000000008bf00000, 0x000000008c000000, 0x000000008c000000|100%| E|CS|TAMS 0x000000008bf00000| PB 0x000000008bf00000| Complete 
|  40|0x000000008c000000, 0x000000008c100000, 0x000000008c100000|100%| E|CS|TAMS 0x000000008c000000| PB 0x000000008c000000| Complete 
|  41|0x000000008c100000, 0x000000008c200000, 0x000000008c200000|100%| E|CS|TAMS 0x000000008c100000| PB 0x000000008c100000| Complete 
|  42|0x000000008c200000, 0x000000008c300000, 0x000000008c300000|100%| E|CS|TAMS 0x000000008c200000| PB 0x000000008c200000| Complete 
|  43|0x000000008c300000, 0x000000008c400000, 0x000000008c400000|100%| E|CS|TAMS 0x000000008c300000| PB 0x000000008c300000| Complete 
|  44|0x000000008c400000, 0x000000008c500000, 0x000000008c500000|100%| E|CS|TAMS 0x000000008c400000| PB 0x000000008c400000| Complete 
|  45|0x000000008c500000, 0x000000008c600000, 0x000000008c600000|100%| E|CS|TAMS 0x000000008c500000| PB 0x000000008c500000| Complete 
|  46|0x000000008c600000, 0x000000008c700000, 0x000000008c700000|100%| E|CS|TAMS 0x000000008c600000| PB 0x000000008c600000| Complete 
|  47|0x000000008c700000, 0x000000008c800000, 0x000000008c800000|100%| E|CS|TAMS 0x000000008c700000| PB 0x000000008c700000| Complete 
|  48|0x000000008c800000, 0x000000008c900000, 0x000000008c900000|100%| E|CS|TAMS 0x000000008c800000| PB 0x000000008c800000| Complete 
|  49|0x000000008c900000, 0x000000008ca00000, 0x000000008ca00000|100%| E|CS|TAMS 0x000000008c900000| PB 0x000000008c900000| Complete 
|  50|0x000000008ca00000, 0x000000008cb00000, 0x000000008cb00000|100%| E|CS|TAMS 0x000000008ca00000| PB 0x000000008ca00000| Complete 
|  51|0x000000008cb00000, 0x000000008cc00000, 0x000000008cc00000|100%| E|CS|TAMS 0x000000008cb00000| PB 0x000000008cb00000| Complete 
|  52|0x000000008cc00000, 0x000000008cd00000, 0x000000008cd00000|100%| E|CS|TAMS 0x000000008cc00000| PB 0x000000008cc00000| Complete 
|  53|0x000000008cd00000, 0x000000008ce00000, 0x000000008ce00000|100%| E|CS|TAMS 0x000000008cd00000| PB 0x000000008cd00000| Complete 
|  54|0x000000008ce00000, 0x000000008cf00000, 0x000000008cf00000|100%| E|CS|TAMS 0x000000008ce00000| PB 0x000000008ce00000| Complete 
|  55|0x000000008cf00000, 0x000000008d000000, 0x000000008d000000|100%| E|CS|TAMS 0x000000008cf00000| PB 0x000000008cf00000| Complete 
|  56|0x000000008d000000, 0x000000008d100000, 0x000000008d100000|100%| E|CS|TAMS 0x000000008d000000| PB 0x000000008d000000| Complete 
|  57|0x000000008d100000, 0x000000008d200000, 0x000000008d200000|100%| E|CS|TAMS 0x000000008d100000| PB 0x000000008d100000| Complete 
|  58|0x000000008d200000, 0x000000008d300000, 0x000000008d300000|100%| E|CS|TAMS 0x000000008d200000| PB 0x000000008d200000| Complete 
|  59|0x000000008d300000, 0x000000008d400000, 0x000000008d400000|100%| E|CS|TAMS 0x000000008d300000| PB 0x000000008d300000| Complete 

Card table byte_map: [0x0000021395f60000,0x0000021396320000] _byte_map_base: 0x0000021395b14000

Marking Bits: (CMBitMap*) 0x00000213896be0b0
 Bits: [0x0000021396320000, 0x00000213980c0000)

Polling page: 0x0000021387df0000

Metaspace:

Usage:
  Non-class:     30.89 MB used.
      Class:      4.68 MB used.
       Both:     35.57 MB used.

Virtual space:
  Non-class space:       64.00 MB reserved,      31.44 MB ( 49%) committed,  1 nodes.
      Class space:        1.00 GB reserved,       5.00 MB ( <1%) committed,  1 nodes.
             Both:        1.06 GB reserved,      36.44 MB (  3%) committed. 

Chunk freelists:
   Non-Class:  853.00 KB
       Class:  11.08 MB
        Both:  11.92 MB

MaxMetaspaceSize: unlimited
CompressedClassSpaceSize: 1.00 GB
Initial GC threshold: 21.00 MB
Current GC threshold: 60.62 MB
CDS: on
 - commit_granule_bytes: 65536.
 - commit_granule_words: 8192.
 - virtual_space_node_default_size: 8388608.
 - enlarge_chunks_in_place: 1.
 - use_allocation_guard: 0.


Internal statistics:

num_allocs_failed_limit: 3.
num_arena_births: 940.
num_arena_deaths: 336.
num_vsnodes_births: 2.
num_vsnodes_deaths: 0.
num_space_committed: 583.
num_space_uncommitted: 0.
num_chunks_returned_to_freelist: 388.
num_chunks_taken_from_freelist: 2197.
num_chunk_merges: 91.
num_chunk_splits: 1453.
num_chunks_enlarged: 1051.
num_inconsistent_stats: 0.

CodeCache: size=49152Kb used=10022Kb max_used=11572Kb free=39129Kb
 bounds [0x0000021391db0000, 0x0000021392940000, 0x0000021394db0000]
 total_blobs=5724 nmethods=5128 adapters=518
 compilation: enabled
              stopped_count=0, restarted_count=0
 full_count=0

Compilation events (20 events):
Event: 238.277 Thread 0x000002139b13e5f0 5180       1       org.springframework.beans.factory.support.DefaultSingletonBeanRegistry::addSingleton (94 bytes)
Event: 238.278 Thread 0x000002139b13e5f0 nmethod 5180 0x0000021391f18210 code [0x0000021391f18440, 0x0000021391f187e0]
Event: 238.280 Thread 0x000002139b2ec870 5181       1       org.springframework.beans.factory.support.AbstractAutowireCapableBeanFactory::getLogger (5 bytes)
Event: 238.280 Thread 0x000002139b2ec870 nmethod 5181 0x0000021391f17f10 code [0x0000021391f180a0, 0x0000021391f18168]
Event: 238.282 Thread 0x000002139b2ec870 5182       1       java.util.concurrent.locks.ReentrantReadWriteLock::writeLock (5 bytes)
Event: 238.282 Thread 0x000002139b13e5f0 5183       1       javax.management.ObjectName::construct (1135 bytes)
Event: 238.282 Thread 0x000002139b2ec870 nmethod 5182 0x0000021391f17c10 code [0x0000021391f17da0, 0x0000021391f17e68]
Event: 238.283 Thread 0x000002139b2ec870 5184       1       org.apache.catalina.core.StandardContext::getApplicationEventListeners (10 bytes)
Event: 238.283 Thread 0x000002139b2ec870 nmethod 5184 0x0000021391f17890 code [0x0000021391f17a40, 0x0000021391f17b40]
Event: 238.284 Thread 0x000002139b2ec870 5185       1       javax.management.ObjectName$Property::<init> (20 bytes)
Event: 238.284 Thread 0x000002139b2ec870 nmethod 5185 0x0000021391f17590 code [0x0000021391f17720, 0x0000021391f177f0]
Event: 238.284 Thread 0x000002139b2ec870 5187       1       org.apache.catalina.core.DefaultInstanceManager::findLifecycleCallback (112 bytes)
Event: 238.286 Thread 0x000002139b2ec870 nmethod 5187 0x0000021391f16410 code [0x0000021391f166c0, 0x0000021391f17060]
Event: 238.286 Thread 0x000002139b2ec870 5186       1       javax.management.ObjectName::addProperty (80 bytes)
Event: 238.287 Thread 0x000002139b2ec870 nmethod 5186 0x0000021391f15a90 code [0x0000021391f15ca0, 0x0000021391f161c0]
Event: 238.287 Thread 0x000002139b2ec870 5188       1       java.util.EventObject::getSource (5 bytes)
Event: 238.287 Thread 0x000002139b2ec870 nmethod 5188 0x0000021391f15790 code [0x0000021391f15920, 0x0000021391f159e8]
Event: 238.287 Thread 0x000002139b13e5f0 nmethod 5183 0x0000021391f10f10 code [0x0000021391f11440, 0x0000021391f13bf8]
Event: 238.288 Thread 0x000002139b2ec870 5189       1       java.lang.reflect.Constructor::getAnnotationBytes (5 bytes)
Event: 238.288 Thread 0x000002139b2ec870 nmethod 5189 0x0000021391f10c10 code [0x0000021391f10da0, 0x0000021391f10e68]

GC Heap History (20 events):
Event: 3.527 GC heap before
{Heap before GC invocations=5 (full 0):
 garbage-first heap   total 43008K, used 29425K [0x0000000089800000, 0x0000000100000000)
  region size 1024K, 25 young (25600K), 5 survivors (5120K)
 Metaspace       used 20633K, committed 20992K, reserved 1114112K
  class space    used 2643K, committed 2816K, reserved 1048576K
}
Event: 3.531 GC heap after
{Heap after GC invocations=6 (full 0):
 garbage-first heap   total 43008K, used 9674K [0x0000000089800000, 0x0000000100000000)
  region size 1024K, 2 young (2048K), 2 survivors (2048K)
 Metaspace       used 20633K, committed 20992K, reserved 1114112K
  class space    used 2643K, committed 2816K, reserved 1048576K
}
Event: 3.950 GC heap before
{Heap before GC invocations=6 (full 0):
 garbage-first heap   total 43008K, used 32202K [0x0000000089800000, 0x0000000100000000)
  region size 1024K, 25 young (25600K), 2 survivors (2048K)
 Metaspace       used 22055K, committed 22400K, reserved 1114112K
  class space    used 2848K, committed 3008K, reserved 1048576K
}
Event: 3.953 GC heap after
{Heap after GC invocations=7 (full 0):
 garbage-first heap   total 43008K, used 11547K [0x0000000089800000, 0x0000000100000000)
  region size 1024K, 4 young (4096K), 4 survivors (4096K)
 Metaspace       used 22055K, committed 22400K, reserved 1114112K
  class space    used 2848K, committed 3008K, reserved 1048576K
}
Event: 4.277 GC heap before
{Heap before GC invocations=7 (full 0):
 garbage-first heap   total 43008K, used 32027K [0x0000000089800000, 0x0000000100000000)
  region size 1024K, 25 young (25600K), 4 survivors (4096K)
 Metaspace       used 23352K, committed 23744K, reserved 1114112K
  class space    used 3026K, committed 3200K, reserved 1048576K
}
Event: 4.281 GC heap after
{Heap after GC invocations=8 (full 0):
 garbage-first heap   total 43008K, used 11893K [0x0000000089800000, 0x0000000100000000)
  region size 1024K, 3 young (3072K), 3 survivors (3072K)
 Metaspace       used 23352K, committed 23744K, reserved 1114112K
  class space    used 3026K, committed 3200K, reserved 1048576K
}
Event: 4.659 GC heap before
{Heap before GC invocations=8 (full 0):
 garbage-first heap   total 43008K, used 33397K [0x0000000089800000, 0x0000000100000000)
  region size 1024K, 25 young (25600K), 3 survivors (3072K)
 Metaspace       used 25327K, committed 25856K, reserved 1114112K
  class space    used 3300K, committed 3520K, reserved 1048576K
}
Event: 4.665 GC heap after
{Heap after GC invocations=9 (full 0):
 garbage-first heap   total 52224K, used 13563K [0x0000000089800000, 0x0000000100000000)
  region size 1024K, 3 young (3072K), 3 survivors (3072K)
 Metaspace       used 25327K, committed 25856K, reserved 1114112K
  class space    used 3300K, committed 3520K, reserved 1048576K
}
Event: 5.123 GC heap before
{Heap before GC invocations=9 (full 0):
 garbage-first heap   total 52224K, used 40187K [0x0000000089800000, 0x0000000100000000)
  region size 1024K, 30 young (30720K), 3 survivors (3072K)
 Metaspace       used 27741K, committed 28288K, reserved 1114112K
  class space    used 3629K, committed 3904K, reserved 1048576K
}
Event: 5.128 GC heap after
{Heap after GC invocations=10 (full 0):
 garbage-first heap   total 52224K, used 14402K [0x0000000089800000, 0x0000000100000000)
  region size 1024K, 3 young (3072K), 3 survivors (3072K)
 Metaspace       used 27741K, committed 28288K, reserved 1114112K
  class space    used 3629K, committed 3904K, reserved 1048576K
}
Event: 5.652 GC heap before
{Heap before GC invocations=11 (full 0):
 garbage-first heap   total 52224K, used 41026K [0x0000000089800000, 0x0000000100000000)
  region size 1024K, 30 young (30720K), 3 survivors (3072K)
 Metaspace       used 30002K, committed 30592K, reserved 1114112K
  class space    used 3948K, committed 4224K, reserved 1048576K
}
Event: 5.659 GC heap after
{Heap after GC invocations=12 (full 0):
 garbage-first heap   total 52224K, used 15957K [0x0000000089800000, 0x0000000100000000)
  region size 1024K, 4 young (4096K), 4 survivors (4096K)
 Metaspace       used 30002K, committed 30592K, reserved 1114112K
  class space    used 3948K, committed 4224K, reserved 1048576K
}
Event: 10.176 GC heap before
{Heap before GC invocations=12 (full 0):
 garbage-first heap   total 52224K, used 42581K [0x0000000089800000, 0x0000000100000000)
  region size 1024K, 30 young (30720K), 4 survivors (4096K)
 Metaspace       used 32448K, committed 33024K, reserved 1114112K
  class space    used 4289K, committed 4544K, reserved 1048576K
}
Event: 10.189 GC heap after
{Heap after GC invocations=13 (full 0):
 garbage-first heap   total 52224K, used 17063K [0x0000000089800000, 0x0000000100000000)
  region size 1024K, 4 young (4096K), 4 survivors (4096K)
 Metaspace       used 32448K, committed 33024K, reserved 1114112K
  class space    used 4289K, committed 4544K, reserved 1048576K
}
Event: 10.572 GC heap before
{Heap before GC invocations=13 (full 0):
 garbage-first heap   total 52224K, used 41639K [0x0000000089800000, 0x0000000100000000)
  region size 1024K, 29 young (29696K), 4 survivors (4096K)
 Metaspace       used 34766K, committed 35456K, reserved 1114112K
  class space    used 4614K, committed 4928K, reserved 1048576K
}
Event: 10.577 GC heap after
{Heap after GC invocations=14 (full 0):
 garbage-first heap   total 52224K, used 19157K [0x0000000089800000, 0x0000000100000000)
  region size 1024K, 4 young (4096K), 4 survivors (4096K)
 Metaspace       used 34766K, committed 35456K, reserved 1114112K
  class space    used 4614K, committed 4928K, reserved 1048576K
}
Event: 236.736 GC heap before
{Heap before GC invocations=14 (full 0):
 garbage-first heap   total 52224K, used 41685K [0x0000000089800000, 0x0000000100000000)
  region size 1024K, 27 young (27648K), 4 survivors (4096K)
 Metaspace       used 36521K, committed 37120K, reserved 1114112K
  class space    used 4836K, committed 5120K, reserved 1048576K
}
Event: 236.742 GC heap after
{Heap after GC invocations=15 (full 0):
 garbage-first heap   total 63488K, used 19776K [0x0000000089800000, 0x0000000100000000)
  region size 1024K, 1 young (1024K), 1 survivors (1024K)
 Metaspace       used 36521K, committed 37120K, reserved 1114112K
  class space    used 4836K, committed 5120K, reserved 1048576K
}
Event: 236.778 GC heap before
{Heap before GC invocations=15 (full 0):
 garbage-first heap   total 63488K, used 19776K [0x0000000089800000, 0x0000000100000000)
  region size 1024K, 3 young (3072K), 1 survivors (1024K)
 Metaspace       used 36646K, committed 37248K, reserved 1114112K
  class space    used 4854K, committed 5120K, reserved 1048576K
}
Event: 236.813 GC heap after
{Heap after GC invocations=16 (full 1):
 garbage-first heap   total 61440K, used 14651K [0x0000000089800000, 0x0000000100000000)
  region size 1024K, 0 young (0K), 0 survivors (0K)
 Metaspace       used 36312K, committed 37248K, reserved 1114112K
  class space    used 4770K, committed 5120K, reserved 1048576K
}

Dll operation events (12 events):
Event: 0.021 Loaded shared library C:\pleiades\2024-03\java\21\bin\java.dll
Event: 0.381 Loaded shared library C:\pleiades\2024-03\java\21\bin\zip.dll
Event: 0.392 Loaded shared library C:\pleiades\2024-03\java\21\bin\instrument.dll
Event: 0.402 Loaded shared library C:\pleiades\2024-03\java\21\bin\net.dll
Event: 0.404 Loaded shared library C:\pleiades\2024-03\java\21\bin\nio.dll
Event: 0.410 Loaded shared library C:\pleiades\2024-03\java\21\bin\zip.dll
Event: 0.745 Loaded shared library C:\pleiades\2024-03\java\21\bin\jimage.dll
Event: 0.891 Loaded shared library C:\pleiades\2024-03\java\21\bin\management.dll
Event: 0.963 Loaded shared library C:\pleiades\2024-03\java\21\bin\management_ext.dll
Event: 1.554 Loaded shared library C:\pleiades\2024-03\java\21\bin\verify.dll
Event: 1.806 Loaded shared library C:\pleiades\2024-03\java\21\bin\extnet.dll
Event: 3.628 Loaded shared library C:\pleiades\2024-03\java\21\bin\sunmscapi.dll

Deoptimization events (20 events):
Event: 238.290 Thread 0x00000213e1886750 DEOPT PACKING pc=0x0000021392615fdc sp=0x0000004c544fa090
Event: 238.290 Thread 0x00000213e1886750 DEOPT UNPACKING pc=0x0000021391e04e42 sp=0x0000004c544f95c8 mode 1
Event: 238.290 Thread 0x00000213e1886750 DEOPT PACKING pc=0x0000021392616f64 sp=0x0000004c544fa180
Event: 238.290 Thread 0x00000213e1886750 DEOPT UNPACKING pc=0x0000021391e04e42 sp=0x0000004c544f9730 mode 1
Event: 238.290 Thread 0x00000213e1886750 DEOPT PACKING pc=0x0000021392618214 sp=0x0000004c544fa2f0
Event: 238.290 Thread 0x00000213e1886750 DEOPT UNPACKING pc=0x0000021391e04e42 sp=0x0000004c544f98b0 mode 1
Event: 238.290 Thread 0x00000213e1886750 DEOPT PACKING pc=0x0000021392615fdc sp=0x0000004c544fa090
Event: 238.290 Thread 0x00000213e1886750 DEOPT UNPACKING pc=0x0000021391e04e42 sp=0x0000004c544f95c8 mode 1
Event: 238.290 Thread 0x00000213e1886750 DEOPT PACKING pc=0x0000021392616f64 sp=0x0000004c544fa180
Event: 238.290 Thread 0x00000213e1886750 DEOPT UNPACKING pc=0x0000021391e04e42 sp=0x0000004c544f9730 mode 1
Event: 238.290 Thread 0x00000213e1886750 DEOPT PACKING pc=0x0000021392618214 sp=0x0000004c544fa2f0
Event: 238.290 Thread 0x00000213e1886750 DEOPT UNPACKING pc=0x0000021391e04e42 sp=0x0000004c544f98b0 mode 1
Event: 238.290 Thread 0x00000213e1886750 DEOPT PACKING pc=0x0000021392615fdc sp=0x0000004c544fd270
Event: 238.290 Thread 0x00000213e1886750 DEOPT UNPACKING pc=0x0000021391e04e42 sp=0x0000004c544fc7a8 mode 1
Event: 238.290 Thread 0x00000213e1886750 DEOPT PACKING pc=0x0000021392616f64 sp=0x0000004c544fd360
Event: 238.291 Thread 0x00000213e1886750 DEOPT UNPACKING pc=0x0000021391e04e42 sp=0x0000004c544fc910 mode 1
Event: 238.291 Thread 0x00000213e1886750 DEOPT PACKING pc=0x0000021392618214 sp=0x0000004c544fd4d0
Event: 238.291 Thread 0x00000213e1886750 DEOPT UNPACKING pc=0x0000021391e04e42 sp=0x0000004c544fca90 mode 1
Event: 265.392 Thread 0x00000213e1886750 DEOPT PACKING pc=0x00000213921d6db4 sp=0x0000004c544fe1a0
Event: 265.392 Thread 0x00000213e1886750 DEOPT UNPACKING pc=0x0000021391e04e42 sp=0x0000004c544fd658 mode 0

Classes loaded (20 events):
Event: 236.755 Loading class java/net/Proxy$Type
Event: 236.755 Loading class java/net/Proxy$Type done
Event: 236.755 Loading class sun/net/spi/DefaultProxySelector$1
Event: 236.755 Loading class sun/net/spi/DefaultProxySelector$1 done
Event: 236.755 Loading class sun/net/spi/DefaultProxySelector$NonProxyInfo
Event: 236.755 Loading class sun/net/spi/DefaultProxySelector$NonProxyInfo done
Event: 236.756 Loading class sun/net/spi/DefaultProxySelector$3
Event: 236.756 Loading class sun/net/spi/DefaultProxySelector$3 done
Event: 236.776 Loading class java/util/WeakHashMap$KeyIterator
Event: 236.776 Loading class java/util/WeakHashMap$HashIterator
Event: 236.776 Loading class java/util/WeakHashMap$HashIterator done
Event: 236.776 Loading class java/util/WeakHashMap$KeyIterator done
Event: 236.813 Loading class java/lang/ref/Finalizer$2
Event: 236.813 Loading class java/lang/ref/Finalizer$2 done
Event: 236.813 Loading class java/lang/ref/Finalizer$1
Event: 236.814 Loading class java/lang/ref/Finalizer$1 done
Event: 237.297 Loading class java/util/WeakHashMap$EntrySet
Event: 237.297 Loading class java/util/WeakHashMap$EntrySet done
Event: 237.297 Loading class java/util/WeakHashMap$EntryIterator
Event: 237.297 Loading class java/util/WeakHashMap$EntryIterator done

Classes unloaded (20 events):
Event: 236.788 Thread 0x000002139b1048c0 Unloading class 0x000002139d0c9800 'java/lang/invoke/LambdaForm$MH+0x000002139d0c9800'
Event: 236.788 Thread 0x000002139b1048c0 Unloading class 0x000002139d0c9000 'jdk/internal/reflect/GeneratedSerializationConstructorAccessor3'
Event: 236.788 Thread 0x000002139b1048c0 Unloading class 0x000002139d0c8c00 'jdk/internal/reflect/GeneratedSerializationConstructorAccessor2'
Event: 236.788 Thread 0x000002139b1048c0 Unloading class 0x000002139d0c8800 'jdk/internal/reflect/GeneratedSerializationConstructorAccessor1'
Event: 236.788 Thread 0x000002139b1048c0 Unloading class 0x000002139d0c7800 'java/lang/invoke/LambdaForm$DMH+0x000002139d0c7800'
Event: 236.788 Thread 0x000002139b1048c0 Unloading class 0x000002139d0c7000 'java/lang/invoke/LambdaForm$DMH+0x000002139d0c7000'
Event: 236.788 Thread 0x000002139b1048c0 Unloading class 0x000002139d0c0800 'java/lang/invoke/LambdaForm$MH+0x000002139d0c0800'
Event: 236.788 Thread 0x000002139b1048c0 Unloading class 0x000002139d0c0400 'java/lang/invoke/LambdaForm$DMH+0x000002139d0c0400'
Event: 236.788 Thread 0x000002139b1048c0 Unloading class 0x000002139d0c0000 'java/lang/invoke/LambdaForm$DMH+0x000002139d0c0000'
Event: 236.788 Thread 0x000002139b1048c0 Unloading class 0x000002139d00b800 'java/lang/invoke/LambdaForm$MH+0x000002139d00b800'
Event: 236.788 Thread 0x000002139b1048c0 Unloading class 0x000002139d00ac00 'java/lang/invoke/LambdaForm$MH+0x000002139d00ac00'
Event: 236.788 Thread 0x000002139b1048c0 Unloading class 0x000002139d00a800 'java/lang/invoke/LambdaForm$MH+0x000002139d00a800'
Event: 236.788 Thread 0x000002139b1048c0 Unloading class 0x000002139d00a400 'java/lang/invoke/LambdaForm$MH+0x000002139d00a400'
Event: 236.788 Thread 0x000002139b1048c0 Unloading class 0x000002139d008000 'java/lang/invoke/LambdaForm$MH+0x000002139d008000'
Event: 236.788 Thread 0x000002139b1048c0 Unloading class 0x000002139d007c00 'java/lang/invoke/LambdaForm$MH+0x000002139d007c00'
Event: 236.788 Thread 0x000002139b1048c0 Unloading class 0x000002139d007400 'java/lang/invoke/LambdaForm$MH+0x000002139d007400'
Event: 236.788 Thread 0x000002139b1048c0 Unloading class 0x000002139d004000 'java/lang/invoke/LambdaForm$MH+0x000002139d004000'
Event: 236.788 Thread 0x000002139b1048c0 Unloading class 0x000002139d003c00 'java/lang/invoke/LambdaForm$MH+0x000002139d003c00'
Event: 236.788 Thread 0x000002139b1048c0 Unloading class 0x000002139d003800 'java/lang/invoke/LambdaForm$MH+0x000002139d003800'
Event: 236.788 Thread 0x000002139b1048c0 Unloading class 0x000002139d003400 'java/lang/invoke/LambdaForm$MH+0x000002139d003400'

Classes redefined (3 events):
Event: 235.435 Thread 0x000002139b1048c0 redefined class name=com.example.demo.MyController, count=1
Event: 265.418 Thread 0x000002139b1048c0 redefined class name=com.example.demo.MyController, count=1
Event: 265.418 Thread 0x000002139b1048c0 redefined class name=com.example.demo.MyController, count=2

Internal exceptions (20 events):
Event: 5.667 Thread 0x00000213e1887470 Exception <a 'java/lang/IncompatibleClassChangeError'{0x0000000090f8c050}: Found class java.lang.Object, but interface was expected> (0x0000000090f8c050) 
thrown [s\src\hotspot\share\interpreter\linkResolver.cpp, line 840]
Event: 5.703 Thread 0x00000213e1887470 Exception <a 'java/lang/NoSuchMethodError'{0x000000008cc267a8}: 'void java.lang.invoke.DirectMethodHandle$Holder.invokeVirtual(java.lang.Object, java.lang.Object, long)'> (0x000000008cc267a8) 
thrown [s\src\hotspot\share\interpreter\linkResolver.cpp, line 773]
Event: 5.760 Thread 0x00000213e1887470 Exception <a 'java/lang/NoSuchMethodError'{0x000000008c16b870}: 'int java.lang.invoke.DirectMethodHandle$Holder.invokeStaticInit(java.lang.Object, java.lang.Object, java.lang.Object, java.lang.Object)'> (0x000000008c16b870) 
thrown [s\src\hotspot\share\interpreter\linkResolver.cpp, line 773]
Event: 5.991 Thread 0x00000213e1887470 Exception <a 'java/lang/NoSuchMethodError'{0x000000008b67bf60}: 'java.lang.Object java.lang.invoke.DirectMethodHandle$Holder.newInvokeSpecial(java.lang.Object, java.lang.Object, int, java.lang.Object, java.lang.Object)'> (0x000000008b67bf60) 
thrown [s\src\hotspot\share\interpreter\linkResolver.cpp, line 773]
Event: 10.218 Thread 0x00000213e1884d10 Exception <a 'java/lang/NoSuchMethodError'{0x0000000090ea6db0}: 'java.lang.Object java.lang.invoke.DirectMethodHandle$Holder.invokeSpecial(java.lang.Object, java.lang.Object, java.lang.Object, java.lang.Object, java.lang.Object, long)'> (0x0000000090ea6db0) 
thrown [s\src\hotspot\share\interpreter\linkResolver.cpp, line 773]
Event: 10.218 Thread 0x00000213e1884d10 Exception <a 'java/lang/NoSuchMethodError'{0x0000000090eaa570}: 'java.lang.Object java.lang.invoke.Invokers$Holder.linkToTargetMethod(java.lang.Object, java.lang.Object, java.lang.Object, long, java.lang.Object)'> (0x0000000090eaa570) 
thrown [s\src\hotspot\share\interpreter\linkResolver.cpp, line 773]
Event: 20.861 Thread 0x00000213e1888820 Exception <a 'java/lang/NoSuchMethodError'{0x000000008c5d9540}: 'java.lang.Object java.lang.invoke.DirectMethodHandle$Holder.invokeStatic(java.lang.Object, int, int)'> (0x000000008c5d9540) 
thrown [s\src\hotspot\share\interpreter\linkResolver.cpp, line 773]
Event: 20.905 Thread 0x00000213e1885a30 Exception <a 'java/lang/NoSuchMethodError'{0x000000008c254d88}: 'java.lang.Object java.lang.invoke.DirectMethodHandle$Holder.invokeVirtual(java.lang.Object, java.lang.Object, java.lang.Object, java.lang.Object, java.lang.Object, java.lang.Object, java.lang.Object)'> (0x000000008c254d88) 
thrown [s\src\hotspot\share\interpreter\linkResolver.cpp, line 773]
Event: 20.955 Thread 0x00000213e1888820 Exception <a 'java/io/IOException'{0x000000008c153700}> (0x000000008c153700) 
thrown [s\src\hotspot\share\prims\jni.cpp, line 520]
Event: 33.990 Thread 0x00000213e1888eb0 Exception <a 'java/io/IOException'{0x000000008c04f388}> (0x000000008c04f388) 
thrown [s\src\hotspot\share\prims\jni.cpp, line 520]
Event: 236.764 Thread 0x00000213e1887470 Exception <a 'java/lang/NoSuchMethodError'{0x0000000090fb1678}: 'void java.lang.invoke.DirectMethodHandle$Holder.invokeInterface(java.lang.Object, java.lang.Object)'> (0x0000000090fb1678) 
thrown [s\src\hotspot\share\interpreter\linkResolver.cpp, line 773]
Event: 236.777 Thread 0x00000213e1884680 Exception <a 'java/lang/InterruptedException'{0x0000000090e22170}: sleep interrupted> (0x0000000090e22170) 
thrown [s\src\hotspot\share\prims\jvm.cpp, line 3074]
Event: 236.847 Thread 0x00000213e1886750 Exception <a 'sun/nio/fs/WindowsException'{0x000000008d39dad8}> (0x000000008d39dad8) 
thrown [s\src\hotspot\share\prims\jni.cpp, line 520]
Event: 237.310 Thread 0x00000213e1886750 Exception <a 'java/lang/NoClassDefFoundError'{0x000000008c29baa0}: org/flywaydb/core/Flyway> (0x000000008c29baa0) 
thrown [s\src\hotspot\share\oops\constantPool.cpp, line 871]
Event: 238.143 Thread 0x00000213e1886750 Exception <a 'java/lang/NoClassDefFoundError'{0x000000008c29c100}: liquibase/integration/spring/SpringLiquibase> (0x000000008c29c100) 
thrown [s\src\hotspot\share\oops\constantPool.cpp, line 871]
Event: 238.155 Thread 0x00000213e1886750 Exception <a 'java/lang/NoSuchMethodError'{0x000000008c10a110}: 'void java.lang.invoke.DelegatingMethodHandle$Holder.reinvoke_L(java.lang.Object, java.lang.Object, int)'> (0x000000008c10a110) 
thrown [s\src\hotspot\share\interpreter\linkResolver.cpp, line 773]
Event: 238.221 Thread 0x00000213e1886750 Exception <a 'java/lang/NoSuchMethodError'{0x000000008bd1dae8}: 'int java.lang.invoke.DirectMethodHandle$Holder.invokeVirtual(java.lang.Object, java.lang.Object, java.lang.Object, java.lang.Object)'> (0x000000008bd1dae8) 
thrown [s\src\hotspot\share\interpreter\linkResolver.cpp, line 773]
Event: 238.222 Thread 0x00000213e1886750 Exception <a 'java/lang/NoSuchMethodError'{0x000000008bd210b0}: 'int java.lang.invoke.DelegatingMethodHandle$Holder.reinvoke_L(java.lang.Object, java.lang.Object, java.lang.Object, java.lang.Object)'> (0x000000008bd210b0) 
thrown [s\src\hotspot\share\interpreter\linkResolver.cpp, line 773]
Event: 238.245 Thread 0x00000213e1886750 Exception <a 'java/io/FileNotFoundException'{0x000000008bd6fb40}> (0x000000008bd6fb40) 
thrown [s\src\hotspot\share\prims\jni.cpp, line 520]
Event: 238.283 Thread 0x00000213e1886750 Exception <a 'java/io/FileNotFoundException'{0x000000008bc4d428}> (0x000000008bc4d428) 
thrown [s\src\hotspot\share\prims\jni.cpp, line 520]

ZGC Phase Switch (0 events):
No events

VM Operations (20 events):
Event: 238.655 Executing VM operation: get/set locals
Event: 238.655 Executing VM operation: get/set locals done
Event: 238.657 Executing VM operation: get/set locals
Event: 238.657 Executing VM operation: get/set locals done
Event: 238.659 Executing VM operation: get/set locals
Event: 238.659 Executing VM operation: get/set locals done
Event: 238.668 Executing VM operation: get/set locals
Event: 238.668 Executing VM operation: get/set locals done
Event: 240.555 Executing VM operation: HandshakeAllThreads (HandshakeForDeflation)
Event: 240.555 Executing VM operation: HandshakeAllThreads (HandshakeForDeflation) done
Event: 240.555 Executing VM operation: RendezvousGCThreads
Event: 240.555 Executing VM operation: RendezvousGCThreads done
Event: 265.391 Executing VM operation: ChangeSingleStep
Event: 265.391 Executing VM operation: ChangeSingleStep done
Event: 265.392 Executing VM operation: ChangeSingleStep
Event: 265.392 Executing VM operation: ChangeSingleStep done
Event: 265.406 Executing VM operation: RedefineClasses
Event: 265.442 Executing VM operation: RedefineClasses done
Event: 265.483 Executing VM operation: ChangeSingleStep
Event: 265.483 Executing VM operation: ChangeSingleStep done

Events (20 events):
Event: 236.794 Thread 0x000002139b1048c0 flushing nmethod 0x00000213922f3210
Event: 236.794 Thread 0x000002139b1048c0 flushing nmethod 0x00000213922f0910
Event: 236.794 Thread 0x000002139b1048c0 flushing nmethod 0x00000213921f2990
Event: 236.794 Thread 0x000002139b1048c0 flushing nmethod 0x00000213922cd790
Event: 236.794 Thread 0x000002139b1048c0 flushing nmethod 0x00000213921e4110
Event: 236.794 Thread 0x000002139b1048c0 flushing nmethod 0x0000021392188910
Event: 236.814 Thread 0x00000213e18853a0 Thread added: 0x00000213e18853a0
Event: 236.815 Thread 0x00000213e18853a0 Thread exited: 0x00000213e18853a0
Event: 236.815 Thread 0x00000213e1886750 Thread added: 0x00000213e1886750
Event: 236.852 Thread 0x000002139b2ec870 Thread added: 0x000002139b2ec870
Event: 236.869 Thread 0x000002139b2ea660 Thread added: 0x000002139b2ea660
Event: 236.869 Thread 0x000002139b2ec1a0 Thread added: 0x000002139b2ec1a0
Event: 236.941 Thread 0x00000213e18860c0 Thread added: 0x00000213e18860c0
Event: 237.026 Thread 0x00000213e18860c0 Thread exited: 0x00000213e18860c0
Event: 238.148 Thread 0x000002139b2ec1a0 Thread exited: 0x000002139b2ec1a0
Event: 238.153 Thread 0x000002139b2ea660 Thread exited: 0x000002139b2ea660
Event: 238.285 Thread 0x00000213e1885a30 Thread added: 0x00000213e1885a30
Event: 238.285 Thread 0x00000213e18853a0 Thread added: 0x00000213e18853a0
Event: 238.286 Thread 0x00000213e18860c0 Thread added: 0x00000213e18860c0
Event: 243.291 Thread 0x000002139b2ec870 Thread exited: 0x000002139b2ec870


Dynamic libraries:
0x00007ff7e0090000 - 0x00007ff7e009e000 	C:\pleiades\2024-03\java\21\bin\javaw.exe
0x00007ffdb57a0000 - 0x00007ffdb5a03000 	C:\WINDOWS\SYSTEM32\ntdll.dll
0x00007ffd71de0000 - 0x00007ffd71dfa000 	C:\Program Files\Norton\Suite\aswhook.dll
0x00007ffdb4940000 - 0x00007ffdb4a07000 	C:\WINDOWS\System32\KERNEL32.DLL
0x00007ffdb2dd0000 - 0x00007ffdb3199000 	C:\WINDOWS\System32\KERNELBASE.dll
0x00007ffdb3380000 - 0x00007ffdb34cc000 	C:\WINDOWS\System32\ucrtbase.dll
0x00007ffdadd60000 - 0x00007ffdadd78000 	C:\pleiades\2024-03\java\21\bin\jli.dll
0x00007ffda7a60000 - 0x00007ffda7a7b000 	C:\pleiades\2024-03\java\21\bin\VCRUNTIME140.dll
0x00007ffdb5410000 - 0x00007ffdb55da000 	C:\WINDOWS\System32\USER32.dll
0x00007ffd9e0c0000 - 0x00007ffd9e350000 	C:\WINDOWS\WinSxS\amd64_microsoft.windows.common-controls_6595b64144ccf1df_6.0.26100.3323_none_3e088096e3344490\COMCTL32.dll
0x00007ffdb3590000 - 0x00007ffdb35b7000 	C:\WINDOWS\System32\win32u.dll
0x00007ffdb4c80000 - 0x00007ffdb4caa000 	C:\WINDOWS\System32\GDI32.dll
0x00007ffdb31a0000 - 0x00007ffdb32d1000 	C:\WINDOWS\System32\gdi32full.dll
0x00007ffdb29a0000 - 0x00007ffdb2a43000 	C:\WINDOWS\System32\msvcp_win.dll
0x00007ffdb5180000 - 0x00007ffdb5229000 	C:\WINDOWS\System32\msvcrt.dll
0x00007ffdb3930000 - 0x00007ffdb395f000 	C:\WINDOWS\System32\IMM32.DLL
0x00007ffda7b00000 - 0x00007ffda7b0c000 	C:\pleiades\2024-03\java\21\bin\vcruntime140_1.dll
0x00007ffd7dcb0000 - 0x00007ffd7dd3e000 	C:\pleiades\2024-03\java\21\bin\msvcp140.dll
0x00007ffd48f10000 - 0x00007ffd49c93000 	C:\pleiades\2024-03\java\21\bin\server\jvm.dll
0x00007ffdb47d0000 - 0x00007ffdb4882000 	C:\WINDOWS\System32\ADVAPI32.dll
0x00007ffdb4890000 - 0x00007ffdb4936000 	C:\WINDOWS\System32\sechost.dll
0x00007ffdb55e0000 - 0x00007ffdb56f6000 	C:\WINDOWS\System32\RPCRT4.dll
0x00007ffdb35c0000 - 0x00007ffdb3634000 	C:\WINDOWS\System32\WS2_32.dll
0x00007ffdb1650000 - 0x00007ffdb169e000 	C:\WINDOWS\SYSTEM32\POWRPROF.dll
0x00007ffdaa2e0000 - 0x00007ffdaa316000 	C:\WINDOWS\SYSTEM32\WINMM.dll
0x00007ffdaa570000 - 0x00007ffdaa57b000 	C:\WINDOWS\SYSTEM32\VERSION.dll
0x00007ffdb1630000 - 0x00007ffdb1644000 	C:\WINDOWS\SYSTEM32\UMPDC.dll
0x00007ffdb18d0000 - 0x00007ffdb18ea000 	C:\WINDOWS\SYSTEM32\kernel.appcore.dll
0x00007ffdaddb0000 - 0x00007ffdaddba000 	C:\pleiades\2024-03\java\21\bin\jimage.dll
0x00007ffda6630000 - 0x00007ffda6871000 	C:\WINDOWS\SYSTEM32\DBGHELP.DLL
0x00007ffdb3b80000 - 0x00007ffdb3f02000 	C:\WINDOWS\System32\combase.dll
0x00007ffdb3970000 - 0x00007ffdb3a46000 	C:\WINDOWS\System32\OLEAUT32.dll
0x00007ffda4940000 - 0x00007ffda4979000 	C:\WINDOWS\SYSTEM32\dbgcore.DLL
0x00007ffdb32e0000 - 0x00007ffdb3379000 	C:\WINDOWS\System32\bcryptPrimitives.dll
0x00007ffd99f40000 - 0x00007ffd99f7c000 	C:\pleiades\2024-03\java\21\bin\jdwp.dll
0x00007ffdadda0000 - 0x00007ffdaddaf000 	C:\pleiades\2024-03\java\21\bin\instrument.dll
0x00007ffdadd80000 - 0x00007ffdadd9f000 	C:\pleiades\2024-03\java\21\bin\java.dll
0x00007ffdb40b0000 - 0x00007ffdb47c5000 	C:\WINDOWS\System32\SHELL32.dll
0x00007ffdb2c60000 - 0x00007ffdb2dc8000 	C:\WINDOWS\System32\wintypes.dll
0x00007ffdb06c0000 - 0x00007ffdb0f05000 	C:\WINDOWS\SYSTEM32\windows.storage.dll
0x00007ffdb3fc0000 - 0x00007ffdb40ab000 	C:\WINDOWS\System32\SHCORE.dll
0x00007ffdb3640000 - 0x00007ffdb369d000 	C:\WINDOWS\System32\shlwapi.dll
0x00007ffdb28b0000 - 0x00007ffdb28df000 	C:\WINDOWS\SYSTEM32\profapi.dll
0x00007ffdade50000 - 0x00007ffdade5c000 	C:\pleiades\2024-03\java\21\bin\dt_socket.dll
0x00007ffdb1340000 - 0x00007ffdb1373000 	C:\WINDOWS\SYSTEM32\IPHLPAPI.DLL
0x00007ffdb1df0000 - 0x00007ffdb1e5a000 	C:\WINDOWS\system32\mswsock.dll
0x00007ffdb1380000 - 0x00007ffdb14a5000 	C:\WINDOWS\SYSTEM32\DNSAPI.dll
0x00007ffdb4cb0000 - 0x00007ffdb4cba000 	C:\WINDOWS\System32\NSI.dll
0x00007ffdaa560000 - 0x00007ffdaa56b000 	C:\Windows\System32\rasadhlp.dll
0x00007ffdacd70000 - 0x00007ffdacdf5000 	C:\WINDOWS\System32\fwpuclnt.dll
0x00007ffd9c220000 - 0x00007ffd9c238000 	C:\pleiades\2024-03\java\21\bin\zip.dll
0x00007ffdadd50000 - 0x00007ffdadd60000 	C:\pleiades\2024-03\java\21\bin\net.dll
0x00007ffdaa9d0000 - 0x00007ffdaaaee000 	C:\WINDOWS\SYSTEM32\WINHTTP.dll
0x00007ffd9aea0000 - 0x00007ffd9aeb6000 	C:\pleiades\2024-03\java\21\bin\nio.dll
0x00007ffdac010000 - 0x00007ffdac01a000 	C:\pleiades\2024-03\java\21\bin\management.dll
0x00007ffda8020000 - 0x00007ffda802b000 	C:\pleiades\2024-03\java\21\bin\management_ext.dll
0x00007ffdb4b70000 - 0x00007ffdb4b78000 	C:\WINDOWS\System32\PSAPI.DLL
0x00007ffd87fc0000 - 0x00007ffd87fd8000 	C:\WINDOWS\system32\napinsp.dll
0x00007ffd87fa0000 - 0x00007ffd87fb2000 	C:\WINDOWS\System32\winrnr.dll
0x00007ffd87f70000 - 0x00007ffd87f92000 	C:\WINDOWS\system32\nlansp_c.dll
0x00007ffda81b0000 - 0x00007ffda81c6000 	C:\WINDOWS\system32\wshbth.dll
0x00007ffda78a0000 - 0x00007ffda78b0000 	C:\pleiades\2024-03\java\21\bin\verify.dll
0x00007ffdb2090000 - 0x00007ffdb20ac000 	C:\WINDOWS\SYSTEM32\CRYPTSP.dll
0x00007ffdb1830000 - 0x00007ffdb186a000 	C:\WINDOWS\system32\rsaenh.dll
0x00007ffdb1e90000 - 0x00007ffdb1ebb000 	C:\WINDOWS\SYSTEM32\USERENV.dll
0x00007ffdb22d0000 - 0x00007ffdb22f6000 	C:\WINDOWS\SYSTEM32\bcrypt.dll
0x00007ffdb20b0000 - 0x00007ffdb20bc000 	C:\WINDOWS\SYSTEM32\CRYPTBASE.dll
0x00007ffdadd00000 - 0x00007ffdadd09000 	C:\pleiades\2024-03\java\21\bin\extnet.dll
0x00007ffdadd10000 - 0x00007ffdadd1e000 	C:\pleiades\2024-03\java\21\bin\sunmscapi.dll
0x00007ffdb2ae0000 - 0x00007ffdb2c57000 	C:\WINDOWS\System32\CRYPT32.dll
0x00007ffdb2290000 - 0x00007ffdb22c0000 	C:\WINDOWS\SYSTEM32\ncrypt.dll
0x00007ffdb2240000 - 0x00007ffdb227f000 	C:\WINDOWS\SYSTEM32\NTASN1.dll
0x00007ffdabfb0000 - 0x00007ffdabfb8000 	C:\WINDOWS\system32\wshunix.dll

dbghelp: loaded successfully - version: 4.0.5 - missing functions: none
symbol engine: initialized successfully - sym options: 0x614 - pdb path: .;C:\pleiades\2024-03\java\21\bin;C:\WINDOWS\SYSTEM32;C:\Program Files\Norton\Suite;C:\WINDOWS\WinSxS\amd64_microsoft.windows.common-controls_6595b64144ccf1df_6.0.26100.3323_none_3e088096e3344490;C:\pleiades\2024-03\java\21\bin\server

VM Arguments:
jvm_args: -XX:+ShowCodeDetailsInExceptionMessages -agentlib:jdwp=transport=dt_socket,suspend=y,address=localhost:57121 -Dcom.sun.management.jmxremote -Dcom.sun.management.jmxremote.port=57120 -Dcom.sun.management.jmxremote.authenticate=false -Dcom.sun.management.jmxremote.ssl=false -Djava.rmi.server.hostname=localhost -Dspring.jmx.enabled=true -Dmanagement.endpoints.jmx.exposure.include=* -Dspring.application.admin.enabled=true -XX:TieredStopAtLevel=1 -Dspring.boot.project.name=Java_development -javaagent:C:\pleiades\2024-03\eclipse\configuration\org.eclipse.osgi\251\0\.cp\lib\javaagent-shaded.jar -Dfile.encoding=UTF-8 -Dstdout.encoding=UTF-8 -Dstderr.encoding=UTF-8 
java_command: com.example.demo.JavaDevelopmentApplication --spring.output.ansi.enabled=always
java_class_path (initial): C:\pleiades\2024-03\workspace\Java_development\bin\main;C:\Users\ojoyu\.gradle\caches\modules-2\files-2.1\org.springframework.boot\spring-boot-starter-thymeleaf\3.4.0\1ec7fdf829d485800146ec333d6e30af9fbc4830\spring-boot-starter-thymeleaf-3.4.0.jar;C:\Users\ojoyu\.gradle\caches\modules-2\files-2.1\org.springframework.boot\spring-boot-starter-web\3.4.0\5447a62dc3dee3eadf2def23314e0db4c81bb3\spring-boot-starter-web-3.4.0.jar;C:\Users\ojoyu\.gradle\caches\modules-2\files-2.1\org.springframework.boot\spring-boot-starter-json\3.4.0\b817379dd7629234dbacd52a7d5a6b11f95d8d67\spring-boot-starter-json-3.4.0.jar;C:\Users\ojoyu\.gradle\caches\modules-2\files-2.1\org.springframework.boot\spring-boot-starter\3.4.0\81b6241291e468e5654a4df26ee8fb35c2879bbc\spring-boot-starter-3.4.0.jar;C:\Users\ojoyu\.gradle\caches\modules-2\files-2.1\org.thymeleaf\thymeleaf-spring6\3.1.2.RELEASE\6030c7b4e260c41336f378e53da6e8531263f24b\thymeleaf-spring6-3.1.2.RELEASE.jar;C:\Users\ojoyu\.gradle\caches\modules-2\files-2.1\org.springframework.boot\spring-boot-starter-tomcat\3.4.0\90a4cb855aa6fab8da0a3831d8fff5e5a9093d6a\spring-boot-starter-tomcat-3.4.0.jar;C:\Users\ojoyu\.gradle\caches\modules-2\files-2.1\org.springframework\spring-webmvc\6.2.0\2eddfeb4d7a12b1ed301bc07abc7e73bca94c2e9\spring-webmvc-6.2.0.jar;C:\Users\ojoyu\.gradle\caches\modules-2\files-2.1\org.springframework\spring-web\6.2.0\e1b702476fe83b2354baf88b8179f71c53fbbfae\spring-web-6.2.0.jar;C:\Users\ojoyu\.gradle\caches\modules-2\files-2.1\org.springframework.boot\spring-boot-autoconfigure\3.4.0\2cf78b01be25952c96cb8ee60b4b0562b3a136f2\spring-boot-autoconfigure-3.4.0.jar;C:\Users\ojoyu\.gradle\caches\modules-2\files-2.1\org.springframework.boot\spring-boot\3.4.0\cbc6c54cc6958a5e24872025e0d6ff0c87ed3594\spring-boot-3.4.0.jar;C:\Users\ojoyu\.gradle\caches\modules-2\files-2.1\org.springframework.boot\spring-boot-starter-logging\3.4.0\10d953f63139bf05ca8bee79272aadac745e297e\spring-boot-starter-logging-3.4.0.jar;C:\Users\ojoyu\.gradle\caches\modules-2\files-2.1\jakarta.annotation\jakarta.annotation-api\2.1.1\48b9bda22b091b1f48b13af03fe36db3be6e1ae3\jakarta.annotation-api-2.1.1.jar;C:\Users\ojoyu\.gradle\caches\modules-2\files-2.1\org.springframework\spring-context\6.2.0\c08dc2bbbe833de7ceda56e8b8bbcc7014413a2a\spring-context-6.2.0.jar;C:\Users\ojoyu\.gradle\caches\modules-2\files-2.1\org.springframework\spring-aop\6.2.0\999012dfb56640f7babdf4f6c55b3f59c1596f3f\spring-aop-6.2.0.jar;C:\Users\ojoyu\.gradle\caches\modules-2\files-2.1\org.springframework\spring-beans\6.2.0\972694ca3c2f44d64d55429dfcc6ca2dfa9fddf\spring-beans-6.2.0.jar;C:\Users\ojoyu\.gradle\caches\modules-2\files-2.1\org.springframework\spring-expression\6.2.0\7e92dcd147157641446081db281e9437d8f4dcd\spring-expression-6.2.0.jar;C:\Users\ojoyu\.gradle\caches\modules-2\files-2.1\org.springframework\spring-core\6.2.0\b0d65768b9f99204857dc9a5548443c04ba61c79\spring-core-6.2.0.jar;C:\Users\ojoyu\.gradle\caches\modules-2\files-2.1\org.yaml\snakeyaml\2.3\936b36210e27320f920536f695cf1af210c44586\snakeyaml-2.3.jar;C:\Users\ojoyu\.gradle\caches\modules-2\files-2.1\org.thymeleaf\thymeleaf\3.1.2.RELEASE\273997509a4c7aef86cee0521750140c587d9be2\thymeleaf-3.1.2.RELEASE.jar;C:\Users\ojoyu\.gradle\caches\modules-2\files-2.1\ch.qos.logback\logback-classic\1.5.12\3790d1a62e868f7915776dfb392bd9a29ce8d954\logback-classic-1.5.12.jar;C:\Users\ojoyu\.gradle\caches\modules-2\files-2.1\org.apache.logging.log4j\log4j-to-slf4j\2.24.1\fc8228007ccbf3bcdd9c6045de2c20bd03dbcf6e\log4j-to-slf4j-2.24.1.jar;C:\Users\ojoyu\.gradle\caches\modules-2\files-2.1\org.slf4j\jul-to-slf4j\2.0.16\6d57da3e961daac65bcca0dd3def6cd11e48a24a\jul-to-slf4j-2.0.16.jar;C:\Users\ojoyu\.gradle\caches\modules-2\files-2.1\org.slf4j\slf4j-api\2.0.16\172931663a09a1fa515567af5fbef00897d3c04\slf4j-api-2.0.16.jar;C:\Users\ojoyu\.gradle\caches\modules-2\files-2.1\com.fasterxml.jackson.datatype\jackson-datatype-jsr310\2.18.1\36e49c07197395164d50df4b8ed17f5fc05430f0\jackson-datatype-jsr310-2.18.1.jar;C:\Users\ojoyu\.gradle\caches\modules-2\files-2.1\com.fasterxml.jackson.module\jackson-module-parameter-names\2.18.1\202b447a91d5466433f91690f9414dd466dcbc2b\jackson-module-parameter-names-2.18.1.jar;C:\Users\ojoyu\.gradle\caches\modules-2\files-2.1\com.fasterxml.jackson.core\jackson-annotations\2.18.1\8f9aa97e7fb44d4bea829061625472b0f6199923\jackson-annotations-2.18.1.jar;C:\Users\ojoyu\.gradle\caches\modules-2\files-2.1\com.fasterxml.jackson.core\jackson-core\2.18.1\9e2284c539e2dedd2aa1487c781e20a0f575d695\jackson-core-2.18.1.jar;C:\Users\ojoyu\.gradle\caches\modules-2\files-2.1\com.fasterxml.jackson.datatype\jackson-datatype-jdk8\2.18.1\944810b96bfe1d149ecdafb1228537610e14367a\jackson-datatype-jdk8-2.18.1.jar;C:\Users\ojoyu\.gradle\caches\modules-2\files-2.1\com.fasterxml.jackson.core\jackson-databind\2.18.1\66547d0c6c2f9e022019499308f09bebbf30ab2e\jackson-databind-2.18.1.jar;C:\Users\ojoyu\.gradle\caches\modules-2\files-2.1\org.apache.tomcat.embed\tomcat-embed-websocket\10.1.33\67feeb848bf741029ed7a0fe91bcae515e7b1c25\tomcat-embed-websocket-10.1.33.jar;C:\Users\ojoyu\.gradle\caches\modules-2\files-2.1\org.apache.tomcat.embed\tomcat-embed-core\10.1.33\d4d10b953164db057e4a803506e4552731e5a6a0\tomcat-embed-core-10.1.33.jar;C:\Users\ojoyu\.gradle\caches\modules-2\files-2.1\org.apache.tomcat.embed\tomcat-embed-el\10.1.33\6cdf9afcb8577309fae1181e0a5f2f8cff559d97\tomcat-embed-el-10.1.33.jar;C:\Users\ojoyu\.gradle\caches\modules-2\files-2.1\io.micrometer\micrometer-observation\1.14.1\db326347a09c9c18b4149aae98b38d280cafdeb9\micrometer-observation-1.14.1.jar;C:\Users\ojoyu\.gradle\caches\modules-2\files-2.1\org.springframework\spring-jcl\6.2.0\2b8e7bb1e751bf585e7db6de1d375c599e0c8cf5\spring-jcl-6.2.0.jar;C:\Users\ojoyu\.gradle\caches\modules-2\files-2.1\org.attoparser\attoparser\2.0.7.RELEASE\e5d0e988d9124139d645bb5872b24dfa23e283cc\attoparser-2.0.7.RELEASE.jar;C:\Users\ojoyu\.gradle\caches\modules-2\files-2.1\org.unbescape\unbescape\1.1.6.RELEASE\7b90360afb2b860e09e8347112800d12c12b2a13\unbescape-1.1.6.RELEASE.jar;C:\Users\ojoyu\.gradle\caches\modules-2\files-2.1\io.micrometer\micrometer-commons\1.14.1\b7cf441e6c9de70794b09086751a8ec0e311d47e\micrometer-commons-1.14.1.jar;C:\Users\ojoyu\.gradle\caches\modules-2\files-2.1\ch.qos.logback\logback-core\1.5.12\65b1fa25fe8d8e4bdc140e79eb67ac6741f775e2\logback-core-1.5.12.jar;C:\Users\ojoyu\.gradle\caches\modules-2\files-2.1\org.apache.logging.log4j\log4j-api\2.24.1\7ebeb12c20606373005af4232cd0ecca72613dda\log4j-api-2.24.1.jar;C:\Users\ojoyu\.gradle\caches\modules-2\files-2.1\org.springframework.boot\spring-boot-devtools\3.4.0\21d0e006937138605c3a7da926483f1884d8dfb0\spring-boot-devtools-3.4.0.jar
Launcher Type: SUN_STANDARD

[Global flags]
     intx CICompilerCount                          = 12                                        {product} {ergonomic}
     uint ConcGCThreads                            = 3                                         {product} {ergonomic}
     uint G1ConcRefinementThreads                  = 13                                        {product} {ergonomic}
   size_t G1HeapRegionSize                         = 1048576                                   {product} {ergonomic}
    uintx GCDrainStackTargetSize                   = 64                                        {product} {ergonomic}
   size_t InitialHeapSize                          = 125829120                                 {product} {ergonomic}
     bool ManagementServer                         = true                                      {product} {command line}
   size_t MarkStackSize                            = 4194304                                   {product} {ergonomic}
   size_t MaxHeapSize                              = 1988100096                                {product} {ergonomic}
   size_t MaxNewSize                               = 1192230912                                {product} {ergonomic}
   size_t MinHeapDeltaBytes                        = 1048576                                   {product} {ergonomic}
   size_t MinHeapSize                              = 8388608                                   {product} {ergonomic}
    uintx NonNMethodCodeHeapSize                   = 4096                                   {pd product} {ergonomic}
    uintx NonProfiledCodeHeapSize                  = 0                                      {pd product} {ergonomic}
     bool ProfileInterpreter                       = false                                  {pd product} {command line}
    uintx ProfiledCodeHeapSize                     = 0                                      {pd product} {ergonomic}
     bool ShowCodeDetailsInExceptionMessages       = true                                   {manageable} {command line}
   size_t SoftMaxHeapSize                          = 1988100096                             {manageable} {ergonomic}
     intx TieredStopAtLevel                        = 1                                         {product} {command line}
     bool UseCompressedOops                        = true                           {product lp64_product} {ergonomic}
     bool UseG1GC                                  = true                                      {product} {ergonomic}
     bool UseLargePagesIndividualAllocation        = false                                  {pd product} {ergonomic}

Logging:
Log output configuration:
 #0: stdout all=warning uptime,level,tags foldmultilines=false
 #1: stderr all=off uptime,level,tags foldmultilines=false

Environment Variables:
PATH=C:/pleiades/2024-03/java/21/bin/server;C:/pleiades/2024-03/java/21/bin;C:\Program Files\Common Files\Oracle\Java\javapath;C:\WINDOWS\system32;C:\WINDOWS;C:\WINDOWS\System32\Wbem;C:\WINDOWS\System32\WindowsPowerShell\v1.0\;C:\WINDOWS\System32\OpenSSH\;C:\Program Files\MySQL\MySQL Server 8.0\bin;C:\Program Files\Git\cmd;C:\Program Files\MySQL\MySQL Shell 8.0\bin\;C:\Users\ojoyu\AppData\Local\Microsoft\WindowsApps;;C:\Users\ojoyu\AppData\Local\Programs\Microsoft VS Code\bin;C:\pleiades\2024-03\eclipse;
USERNAME=ojoyu
OS=Windows_NT
PROCESSOR_IDENTIFIER=AMD64 Family 25 Model 80 Stepping 0, AuthenticAMD
TMP=C:\Users\ojoyu\AppData\Local\Temp
TEMP=C:\Users\ojoyu\AppData\Local\Temp




Periodic native trim disabled

---------------  S Y S T E M  ---------------

OS:
 Windows 11 , 64 bit Build 26100 (10.0.26100.3323)
OS uptime: 1 days 22:31 hours

CPU: total 16 (initial active 16) (16 cores per cpu, 2 threads per core) family 25 model 80 stepping 0 microcode 0xa50000c, cx8, cmov, fxsr, ht, mmx, 3dnowpref, sse, sse2, sse3, ssse3, sse4a, sse4.1, sse4.2, popcnt, lzcnt, tsc, tscinvbit, avx, avx2, aes, erms, clmul, bmi1, bmi2, adx, sha, fma, vzeroupper, clflush, clflushopt, rdtscp, rdpid, fsrm, f16c, pku, cet_ss
Processor Information for processor 0
  Max Mhz: 3301, Current Mhz: 1918, Mhz Limit: 3301
Processor Information for processor 1
  Max Mhz: 3301, Current Mhz: 1805, Mhz Limit: 3301
Processor Information for processor 2
  Max Mhz: 3301, Current Mhz: 1805, Mhz Limit: 3301
Processor Information for processor 3
  Max Mhz: 3301, Current Mhz: 1805, Mhz Limit: 3301
Processor Information for processor 4
  Max Mhz: 3301, Current Mhz: 1805, Mhz Limit: 3301
Processor Information for processor 5
  Max Mhz: 3301, Current Mhz: 1805, Mhz Limit: 3301
Processor Information for processor 6
  Max Mhz: 3301, Current Mhz: 1805, Mhz Limit: 3301
Processor Information for processor 7
  Max Mhz: 3301, Current Mhz: 1805, Mhz Limit: 3301
Processor Information for processor 8
  Max Mhz: 3301, Current Mhz: 1918, Mhz Limit: 3301
Processor Information for processor 9
  Max Mhz: 3301, Current Mhz: 1805, Mhz Limit: 3301
Processor Information for processor 10
  Max Mhz: 3301, Current Mhz: 1805, Mhz Limit: 3301
Processor Information for processor 11
  Max Mhz: 3301, Current Mhz: 1805, Mhz Limit: 3301
Processor Information for processor 12
  Max Mhz: 3301, Current Mhz: 1805, Mhz Limit: 3301
Processor Information for processor 13
  Max Mhz: 3301, Current Mhz: 1805, Mhz Limit: 3301
Processor Information for processor 14
  Max Mhz: 3301, Current Mhz: 1805, Mhz Limit: 3301
Processor Information for processor 15
  Max Mhz: 3301, Current Mhz: 1805, Mhz Limit: 3301

Memory: 4k page, system-wide physical 7583M (1258M free)
TotalPageFile size 16799M (AvailPageFile size 3398M)
current process WorkingSet (physical memory assigned to process): 175M, peak: 177M
current process commit charge ("private bytes"): 222M, peak: 248M

vm_info: OpenJDK 64-Bit Server VM (21.0.2+13-LTS) for windows-amd64 JRE (21.0.2+13-LTS), built on 2024-01-16T00:00:00Z by "admin" with unknown MS VC++:1937

END.
